<?xml version="1.0" encoding="UTF-8"?>
<testsuite name="com.jojoldu.book.springboot.web.HelloControllerTest" tests="2" skipped="0" failures="0" errors="0" timestamp="2022-02-16T09:58:04" hostname="DESKTOP-PF9N4H3" time="0.244">
  <properties/>
  <testcase name="hello가_리턴된다" classname="com.jojoldu.book.springboot.web.HelloControllerTest" time="0.109"/>
  <testcase name="helloDto가_리턴된다" classname="com.jojoldu.book.springboot.web.HelloControllerTest" time="0.134"/>
  <system-out><![CDATA[2022-02-16 18:58:01.957  INFO 17884 --- [    Test worker] .b.t.a.w.s.WebMvcTestContextBootstrapper : Neither @ContextConfiguration nor @ContextHierarchy found for test class [com.jojoldu.book.springboot.web.HelloControllerTest], using SpringBootContextLoader
2022-02-16 18:58:01.959  INFO 17884 --- [    Test worker] o.s.t.c.support.AbstractContextLoader    : Could not detect default resource locations for test class [com.jojoldu.book.springboot.web.HelloControllerTest]: no resource found for suffixes {-context.xml, Context.groovy}.
2022-02-16 18:58:01.959  INFO 17884 --- [    Test worker] t.c.s.AnnotationConfigContextLoaderUtils : Could not detect default configuration classes for test class [com.jojoldu.book.springboot.web.HelloControllerTest]: HelloControllerTest does not declare any static, non-private, non-final, nested classes annotated with @Configuration.
2022-02-16 18:58:01.993  INFO 17884 --- [    Test worker] .b.t.c.SpringBootTestContextBootstrapper : Found @SpringBootConfiguration com.jojoldu.book.springboot.Application for test class com.jojoldu.book.springboot.web.HelloControllerTest
2022-02-16 18:58:01.993  INFO 17884 --- [    Test worker] .b.t.a.w.s.WebMvcTestContextBootstrapper : Loaded default TestExecutionListener class names from location [META-INF/spring.factories]: [org.springframework.security.test.context.support.WithSecurityContextTestExecutionListener, org.springframework.security.test.context.support.ReactorContextTestExecutionListener, org.springframework.boot.test.autoconfigure.restdocs.RestDocsTestExecutionListener, org.springframework.boot.test.autoconfigure.web.client.MockRestServiceServerResetTestExecutionListener, org.springframework.boot.test.autoconfigure.web.servlet.MockMvcPrintOnlyOnFailureTestExecutionListener, org.springframework.boot.test.autoconfigure.web.servlet.WebDriverTestExecutionListener, org.springframework.boot.test.mock.mockito.MockitoTestExecutionListener, org.springframework.boot.test.mock.mockito.ResetMocksTestExecutionListener, org.springframework.test.context.web.ServletTestExecutionListener, org.springframework.test.context.support.DirtiesContextBeforeModesTestExecutionListener, org.springframework.test.context.support.DependencyInjectionTestExecutionListener, org.springframework.test.context.support.DirtiesContextTestExecutionListener, org.springframework.test.context.transaction.TransactionalTestExecutionListener, org.springframework.test.context.jdbc.SqlScriptsTestExecutionListener]
2022-02-16 18:58:01.995  INFO 17884 --- [    Test worker] .b.t.a.w.s.WebMvcTestContextBootstrapper : Using TestExecutionListeners: [org.springframework.test.context.web.ServletTestExecutionListener@355e237d, org.springframework.test.context.support.DirtiesContextBeforeModesTestExecutionListener@aaaf4d9, org.springframework.boot.test.mock.mockito.MockitoTestExecutionListener@39351e34, org.springframework.boot.test.autoconfigure.SpringBootDependencyInjectionTestExecutionListener@30c6cb56, org.springframework.test.context.support.DirtiesContextTestExecutionListener@74c743f8, org.springframework.test.context.transaction.TransactionalTestExecutionListener@29167d85, org.springframework.test.context.jdbc.SqlScriptsTestExecutionListener@3843122d, org.springframework.security.test.context.support.WithSecurityContextTestExecutionListener@3ed9f208, org.springframework.security.test.context.support.ReactorContextTestExecutionListener@704faea8, org.springframework.boot.test.autoconfigure.restdocs.RestDocsTestExecutionListener@6aaf0f71, org.springframework.boot.test.autoconfigure.web.client.MockRestServiceServerResetTestExecutionListener@4a5daa73, org.springframework.boot.test.autoconfigure.web.servlet.MockMvcPrintOnlyOnFailureTestExecutionListener@3be55882, org.springframework.boot.test.autoconfigure.web.servlet.WebDriverTestExecutionListener@36d29bb8, org.springframework.boot.test.mock.mockito.ResetMocksTestExecutionListener@2414de94]

  .   ____          _            __ _ _
 /\\ / ___'_ __ _ _(_)_ __  __ _ \ \ \ \
( ( )\___ | '_ | '_| | '_ \/ _` | \ \ \ \
 \\/  ___)| |_)| | | | | || (_| |  ) ) ) )
  '  |____| .__|_| |_|_| |_\__, | / / / /
 =========|_|==============|___/=/_/_/_/
 :: Spring Boot ::        (v2.1.7.RELEASE)

2022-02-16 18:58:02.144  INFO 17884 --- [    Test worker] c.j.b.s.web.HelloControllerTest          : Starting HelloControllerTest on DESKTOP-PF9N4H3 with PID 17884 (started by user in C:\Users\user\Desktop\스프링부트-JPA-활용-1\SpringbootAWS)
2022-02-16 18:58:02.146  INFO 17884 --- [    Test worker] c.j.b.s.web.HelloControllerTest          : No active profile set, falling back to default profiles: default
2022-02-16 18:58:02.883  INFO 17884 --- [    Test worker] o.s.s.concurrent.ThreadPoolTaskExecutor  : Initializing ExecutorService 'applicationTaskExecutor'
2022-02-16 18:58:02.965  INFO 17884 --- [    Test worker] o.s.b.a.w.s.WelcomePageHandlerMapping    : Adding welcome page template: index
2022-02-16 18:58:03.535  INFO 17884 --- [    Test worker] .s.s.UserDetailsServiceAutoConfiguration : 

Using generated security password: 539d13bd-291b-47f0-8525-134a4152aff2

2022-02-16 18:58:03.839  INFO 17884 --- [    Test worker] o.s.s.web.DefaultSecurityFilterChain     : Creating filter chain: any request, [org.springframework.security.web.context.request.async.WebAsyncManagerIntegrationFilter@54cf4916, org.springframework.security.web.context.SecurityContextPersistenceFilter@3e993614, org.springframework.security.web.header.HeaderWriterFilter@7b00798b, org.springframework.security.web.csrf.CsrfFilter@56806bb2, org.springframework.security.web.authentication.logout.LogoutFilter@5e6b27e2, org.springframework.security.web.authentication.UsernamePasswordAuthenticationFilter@2aa38826, org.springframework.security.web.authentication.ui.DefaultLoginPageGeneratingFilter@76d19492, org.springframework.security.web.authentication.ui.DefaultLogoutPageGeneratingFilter@34ca35b7, org.springframework.security.web.authentication.www.BasicAuthenticationFilter@346801f2, org.springframework.security.web.savedrequest.RequestCacheAwareFilter@62043bcc, org.springframework.security.web.servletapi.SecurityContextHolderAwareRequestFilter@1ab0da26, org.springframework.security.web.authentication.AnonymousAuthenticationFilter@40d9c54d, org.springframework.security.web.session.SessionManagementFilter@2e8850a2, org.springframework.security.web.access.ExceptionTranslationFilter@229fcbc0, org.springframework.security.web.access.intercept.FilterSecurityInterceptor@2c2c118f]
2022-02-16 18:58:03.904  INFO 17884 --- [    Test worker] o.s.b.t.m.w.SpringBootMockServletContext : Initializing Spring TestDispatcherServlet ''
2022-02-16 18:58:03.904  INFO 17884 --- [    Test worker] o.s.t.web.servlet.TestDispatcherServlet  : Initializing Servlet ''
2022-02-16 18:58:03.937  INFO 17884 --- [    Test worker] o.s.t.web.servlet.TestDispatcherServlet  : Completed initialization in 33 ms
2022-02-16 18:58:04.010  INFO 17884 --- [    Test worker] c.j.b.s.web.HelloControllerTest          : Started HelloControllerTest in 2.008 seconds (JVM running for 15.063)
]]></system-out>
  <system-err><![CDATA[]]></system-err>
</testsuite>
