<?xml version="1.0" encoding="UTF-8"?>
<testsuite name="com.jojoldu.book.springboot.web.HelloControllerTest" tests="2" skipped="0" failures="0" errors="0" timestamp="2022-09-18T08:39:28" hostname="ip-172-31-94-73.ec2.internal" time="0.333">
  <properties/>
  <testcase name="hello가_리턴된다" classname="com.jojoldu.book.springboot.web.HelloControllerTest" time="0.154"/>
  <testcase name="helloDto가_리턴된다" classname="com.jojoldu.book.springboot.web.HelloControllerTest" time="0.176"/>
  <system-out><![CDATA[2022-09-18 17:39:27.151  INFO 8527 --- [    Test worker] .b.t.a.w.s.WebMvcTestContextBootstrapper : Neither @ContextConfiguration nor @ContextHierarchy found for test class [com.jojoldu.book.springboot.web.HelloControllerTest], using SpringBootContextLoader
2022-09-18 17:39:27.154  INFO 8527 --- [    Test worker] o.s.t.c.support.AbstractContextLoader    : Could not detect default resource locations for test class [com.jojoldu.book.springboot.web.HelloControllerTest]: no resource found for suffixes {-context.xml, Context.groovy}.
2022-09-18 17:39:27.160  INFO 8527 --- [    Test worker] t.c.s.AnnotationConfigContextLoaderUtils : Could not detect default configuration classes for test class [com.jojoldu.book.springboot.web.HelloControllerTest]: HelloControllerTest does not declare any static, non-private, non-final, nested classes annotated with @Configuration.
2022-09-18 17:39:27.205  INFO 8527 --- [    Test worker] .b.t.c.SpringBootTestContextBootstrapper : Found @SpringBootConfiguration com.jojoldu.book.springboot.Application for test class com.jojoldu.book.springboot.web.HelloControllerTest
2022-09-18 17:39:27.208  INFO 8527 --- [    Test worker] .b.t.a.w.s.WebMvcTestContextBootstrapper : Loaded default TestExecutionListener class names from location [META-INF/spring.factories]: [org.springframework.security.test.context.support.WithSecurityContextTestExecutionListener, org.springframework.security.test.context.support.ReactorContextTestExecutionListener, org.springframework.boot.test.autoconfigure.restdocs.RestDocsTestExecutionListener, org.springframework.boot.test.autoconfigure.web.client.MockRestServiceServerResetTestExecutionListener, org.springframework.boot.test.autoconfigure.web.servlet.MockMvcPrintOnlyOnFailureTestExecutionListener, org.springframework.boot.test.autoconfigure.web.servlet.WebDriverTestExecutionListener, org.springframework.boot.test.mock.mockito.MockitoTestExecutionListener, org.springframework.boot.test.mock.mockito.ResetMocksTestExecutionListener, org.springframework.test.context.web.ServletTestExecutionListener, org.springframework.test.context.support.DirtiesContextBeforeModesTestExecutionListener, org.springframework.test.context.support.DependencyInjectionTestExecutionListener, org.springframework.test.context.support.DirtiesContextTestExecutionListener, org.springframework.test.context.transaction.TransactionalTestExecutionListener, org.springframework.test.context.jdbc.SqlScriptsTestExecutionListener]
2022-09-18 17:39:27.213  INFO 8527 --- [    Test worker] .b.t.a.w.s.WebMvcTestContextBootstrapper : Using TestExecutionListeners: [org.springframework.test.context.web.ServletTestExecutionListener@3207ad5e, org.springframework.test.context.support.DirtiesContextBeforeModesTestExecutionListener@7131bba1, org.springframework.boot.test.mock.mockito.MockitoTestExecutionListener@7bde4a7, org.springframework.boot.test.autoconfigure.SpringBootDependencyInjectionTestExecutionListener@34206e55, org.springframework.test.context.support.DirtiesContextTestExecutionListener@3bc248d2, org.springframework.test.context.transaction.TransactionalTestExecutionListener@475210b8, org.springframework.test.context.jdbc.SqlScriptsTestExecutionListener@2fa25c29, org.springframework.security.test.context.support.WithSecurityContextTestExecutionListener@1847cd4e, org.springframework.security.test.context.support.ReactorContextTestExecutionListener@31ea824c, org.springframework.boot.test.autoconfigure.restdocs.RestDocsTestExecutionListener@66ea9319, org.springframework.boot.test.autoconfigure.web.client.MockRestServiceServerResetTestExecutionListener@5b94c8f9, org.springframework.boot.test.autoconfigure.web.servlet.MockMvcPrintOnlyOnFailureTestExecutionListener@7d1f5378, org.springframework.boot.test.autoconfigure.web.servlet.WebDriverTestExecutionListener@18025675, org.springframework.boot.test.mock.mockito.ResetMocksTestExecutionListener@2a427c37]

  .   ____          _            __ _ _
 /\\ / ___'_ __ _ _(_)_ __  __ _ \ \ \ \
( ( )\___ | '_ | '_| | '_ \/ _` | \ \ \ \
 \\/  ___)| |_)| | | | | || (_| |  ) ) ) )
  '  |____| .__|_| |_|_| |_\__, | / / / /
 =========|_|==============|___/=/_/_/_/
 :: Spring Boot ::        (v2.1.7.RELEASE)

2022-09-18 17:39:27.278  INFO 8527 --- [    Test worker] c.j.b.s.web.HelloControllerTest          : Starting HelloControllerTest on ip-172-31-94-73.ec2.internal with PID 8527 (started by ec2-user in /home/ec2-user/app/step1/freelec-springboot2_1-webservice)
2022-09-18 17:39:27.290  INFO 8527 --- [    Test worker] c.j.b.s.web.HelloControllerTest          : No active profile set, falling back to default profiles: default
2022-09-18 17:39:28.151  INFO 8527 --- [    Test worker] o.s.s.concurrent.ThreadPoolTaskExecutor  : Initializing ExecutorService 'applicationTaskExecutor'
2022-09-18 17:39:28.211  INFO 8527 --- [    Test worker] o.s.b.a.w.s.WelcomePageHandlerMapping    : Adding welcome page template: index
2022-09-18 17:39:28.597  INFO 8527 --- [    Test worker] .s.s.UserDetailsServiceAutoConfiguration : 

Using generated security password: 83d651c7-8a5a-4827-b51f-3b47a0734a12

2022-09-18 17:39:28.831  INFO 8527 --- [    Test worker] o.s.s.web.DefaultSecurityFilterChain     : Creating filter chain: any request, [org.springframework.security.web.context.request.async.WebAsyncManagerIntegrationFilter@1687a2b3, org.springframework.security.web.context.SecurityContextPersistenceFilter@1f98ae7b, org.springframework.security.web.header.HeaderWriterFilter@751b83e4, org.springframework.security.web.csrf.CsrfFilter@3612e670, org.springframework.security.web.authentication.logout.LogoutFilter@54845941, org.springframework.security.web.authentication.UsernamePasswordAuthenticationFilter@2a0a582a, org.springframework.security.web.authentication.ui.DefaultLoginPageGeneratingFilter@4a8f4dd0, org.springframework.security.web.authentication.ui.DefaultLogoutPageGeneratingFilter@1249ffea, org.springframework.security.web.authentication.www.BasicAuthenticationFilter@6bd12452, org.springframework.security.web.savedrequest.RequestCacheAwareFilter@69e1f4b1, org.springframework.security.web.servletapi.SecurityContextHolderAwareRequestFilter@404c5eca, org.springframework.security.web.authentication.AnonymousAuthenticationFilter@70d8aa45, org.springframework.security.web.session.SessionManagementFilter@541bca51, org.springframework.security.web.access.ExceptionTranslationFilter@177c2e6f, org.springframework.security.web.access.intercept.FilterSecurityInterceptor@656ee054]
2022-09-18 17:39:28.900  INFO 8527 --- [    Test worker] o.s.b.t.m.w.SpringBootMockServletContext : Initializing Spring TestDispatcherServlet ''
2022-09-18 17:39:28.901  INFO 8527 --- [    Test worker] o.s.t.web.servlet.TestDispatcherServlet  : Initializing Servlet ''
2022-09-18 17:39:28.928  INFO 8527 --- [    Test worker] o.s.t.web.servlet.TestDispatcherServlet  : Completed initialization in 26 ms
2022-09-18 17:39:28.981  INFO 8527 --- [    Test worker] c.j.b.s.web.HelloControllerTest          : Started HelloControllerTest in 1.766 seconds (JVM running for 20.032)
]]></system-out>
  <system-err><![CDATA[]]></system-err>
</testsuite>
