<?xml version="1.0" encoding="UTF-8"?>
<testsuite name="com.jojoldu.book.springboot.web.ProfileControllerTest" tests="1" skipped="0" failures="0" errors="0" timestamp="2022-02-19T09:04:05" hostname="ip-172-31-12-162.ap-northeast-2.compute.internal" time="0.032">
  <properties/>
  <testcase name="profile은_인증없이_호출된다" classname="com.jojoldu.book.springboot.web.ProfileControllerTest" time="0.032"/>
  <system-out><![CDATA[2022-02-19 18:04:05.468  INFO 2193 --- [    Test worker] .b.t.c.SpringBootTestContextBootstrapper : Neither @ContextConfiguration nor @ContextHierarchy found for test class [com.jojoldu.book.springboot.web.ProfileControllerTest], using SpringBootContextLoader
2022-02-19 18:04:05.470  INFO 2193 --- [    Test worker] o.s.t.c.support.AbstractContextLoader    : Could not detect default resource locations for test class [com.jojoldu.book.springboot.web.ProfileControllerTest]: no resource found for suffixes {-context.xml, Context.groovy}.
2022-02-19 18:04:05.471  INFO 2193 --- [    Test worker] t.c.s.AnnotationConfigContextLoaderUtils : Could not detect default configuration classes for test class [com.jojoldu.book.springboot.web.ProfileControllerTest]: ProfileControllerTest does not declare any static, non-private, non-final, nested classes annotated with @Configuration.
2022-02-19 18:04:05.479  INFO 2193 --- [    Test worker] .b.t.c.SpringBootTestContextBootstrapper : Found @SpringBootConfiguration com.jojoldu.book.springboot.Application for test class com.jojoldu.book.springboot.web.ProfileControllerTest
2022-02-19 18:04:05.483  INFO 2193 --- [    Test worker] .b.t.c.SpringBootTestContextBootstrapper : Loaded default TestExecutionListener class names from location [META-INF/spring.factories]: [org.springframework.security.test.context.support.WithSecurityContextTestExecutionListener, org.springframework.security.test.context.support.ReactorContextTestExecutionListener, org.springframework.boot.test.autoconfigure.restdocs.RestDocsTestExecutionListener, org.springframework.boot.test.autoconfigure.web.client.MockRestServiceServerResetTestExecutionListener, org.springframework.boot.test.autoconfigure.web.servlet.MockMvcPrintOnlyOnFailureTestExecutionListener, org.springframework.boot.test.autoconfigure.web.servlet.WebDriverTestExecutionListener, org.springframework.boot.test.mock.mockito.MockitoTestExecutionListener, org.springframework.boot.test.mock.mockito.ResetMocksTestExecutionListener, org.springframework.test.context.web.ServletTestExecutionListener, org.springframework.test.context.support.DirtiesContextBeforeModesTestExecutionListener, org.springframework.test.context.support.DependencyInjectionTestExecutionListener, org.springframework.test.context.support.DirtiesContextTestExecutionListener, org.springframework.test.context.transaction.TransactionalTestExecutionListener, org.springframework.test.context.jdbc.SqlScriptsTestExecutionListener]
2022-02-19 18:04:05.485  INFO 2193 --- [    Test worker] .b.t.c.SpringBootTestContextBootstrapper : Using TestExecutionListeners: [org.springframework.test.context.web.ServletTestExecutionListener@e28a915, org.springframework.test.context.support.DirtiesContextBeforeModesTestExecutionListener@27baee16, org.springframework.boot.test.mock.mockito.MockitoTestExecutionListener@2adce469, org.springframework.boot.test.autoconfigure.SpringBootDependencyInjectionTestExecutionListener@2cc1c247, org.springframework.test.context.support.DirtiesContextTestExecutionListener@67eaa6cb, org.springframework.test.context.transaction.TransactionalTestExecutionListener@17503e7e, org.springframework.test.context.jdbc.SqlScriptsTestExecutionListener@5a626f51, org.springframework.security.test.context.support.WithSecurityContextTestExecutionListener@78935da0, org.springframework.security.test.context.support.ReactorContextTestExecutionListener@4a7d6087, org.springframework.boot.test.autoconfigure.restdocs.RestDocsTestExecutionListener@5c481478, org.springframework.boot.test.autoconfigure.web.client.MockRestServiceServerResetTestExecutionListener@1599e047, org.springframework.boot.test.autoconfigure.web.servlet.MockMvcPrintOnlyOnFailureTestExecutionListener@7785d109, org.springframework.boot.test.autoconfigure.web.servlet.WebDriverTestExecutionListener@56ddee26, org.springframework.boot.test.mock.mockito.ResetMocksTestExecutionListener@4a2acb51]
]]></system-out>
  <system-err><![CDATA[]]></system-err>
</testsuite>
