<?xml version="1.0" encoding="UTF-8"?>
<testsuite name="com.jojoldu.book.springboot.web.HelloControllerTest" tests="2" skipped="0" failures="0" errors="0" timestamp="2022-10-02T06:11:32" hostname="ip-172-31-86-214.ec2.internal" time="0.267">
  <properties/>
  <testcase name="hello가_리턴된다" classname="com.jojoldu.book.springboot.web.HelloControllerTest" time="0.14"/>
  <testcase name="helloDto가_리턴된다" classname="com.jojoldu.book.springboot.web.HelloControllerTest" time="0.126"/>
  <system-out><![CDATA[2022-10-02 15:11:30.664  INFO 14082 --- [    Test worker] .b.t.a.w.s.WebMvcTestContextBootstrapper : Neither @ContextConfiguration nor @ContextHierarchy found for test class [com.jojoldu.book.springboot.web.HelloControllerTest], using SpringBootContextLoader
2022-10-02 15:11:30.667  INFO 14082 --- [    Test worker] o.s.t.c.support.AbstractContextLoader    : Could not detect default resource locations for test class [com.jojoldu.book.springboot.web.HelloControllerTest]: no resource found for suffixes {-context.xml, Context.groovy}.
2022-10-02 15:11:30.670  INFO 14082 --- [    Test worker] t.c.s.AnnotationConfigContextLoaderUtils : Could not detect default configuration classes for test class [com.jojoldu.book.springboot.web.HelloControllerTest]: HelloControllerTest does not declare any static, non-private, non-final, nested classes annotated with @Configuration.
2022-10-02 15:11:30.730  INFO 14082 --- [    Test worker] .b.t.c.SpringBootTestContextBootstrapper : Found @SpringBootConfiguration com.jojoldu.book.springboot.Application for test class com.jojoldu.book.springboot.web.HelloControllerTest
2022-10-02 15:11:30.741  INFO 14082 --- [    Test worker] .b.t.a.w.s.WebMvcTestContextBootstrapper : Loaded default TestExecutionListener class names from location [META-INF/spring.factories]: [org.springframework.security.test.context.support.WithSecurityContextTestExecutionListener, org.springframework.security.test.context.support.ReactorContextTestExecutionListener, org.springframework.boot.test.autoconfigure.restdocs.RestDocsTestExecutionListener, org.springframework.boot.test.autoconfigure.web.client.MockRestServiceServerResetTestExecutionListener, org.springframework.boot.test.autoconfigure.web.servlet.MockMvcPrintOnlyOnFailureTestExecutionListener, org.springframework.boot.test.autoconfigure.web.servlet.WebDriverTestExecutionListener, org.springframework.boot.test.mock.mockito.MockitoTestExecutionListener, org.springframework.boot.test.mock.mockito.ResetMocksTestExecutionListener, org.springframework.test.context.web.ServletTestExecutionListener, org.springframework.test.context.support.DirtiesContextBeforeModesTestExecutionListener, org.springframework.test.context.support.DependencyInjectionTestExecutionListener, org.springframework.test.context.support.DirtiesContextTestExecutionListener, org.springframework.test.context.transaction.TransactionalTestExecutionListener, org.springframework.test.context.jdbc.SqlScriptsTestExecutionListener]
2022-10-02 15:11:30.742  INFO 14082 --- [    Test worker] .b.t.a.w.s.WebMvcTestContextBootstrapper : Using TestExecutionListeners: [org.springframework.test.context.web.ServletTestExecutionListener@15066080, org.springframework.test.context.support.DirtiesContextBeforeModesTestExecutionListener@4df24d56, org.springframework.boot.test.mock.mockito.MockitoTestExecutionListener@49a0e096, org.springframework.boot.test.autoconfigure.SpringBootDependencyInjectionTestExecutionListener@d530178, org.springframework.test.context.support.DirtiesContextTestExecutionListener@2b776232, org.springframework.test.context.transaction.TransactionalTestExecutionListener@74b002f7, org.springframework.test.context.jdbc.SqlScriptsTestExecutionListener@3adaf8a7, org.springframework.security.test.context.support.WithSecurityContextTestExecutionListener@2f177645, org.springframework.security.test.context.support.ReactorContextTestExecutionListener@3fe1e767, org.springframework.boot.test.autoconfigure.restdocs.RestDocsTestExecutionListener@4bb2edd6, org.springframework.boot.test.autoconfigure.web.client.MockRestServiceServerResetTestExecutionListener@26c03bc7, org.springframework.boot.test.autoconfigure.web.servlet.MockMvcPrintOnlyOnFailureTestExecutionListener@32f1c404, org.springframework.boot.test.autoconfigure.web.servlet.WebDriverTestExecutionListener@29bd7e2, org.springframework.boot.test.mock.mockito.ResetMocksTestExecutionListener@5e9b563a]

  .   ____          _            __ _ _
 /\\ / ___'_ __ _ _(_)_ __  __ _ \ \ \ \
( ( )\___ | '_ | '_| | '_ \/ _` | \ \ \ \
 \\/  ___)| |_)| | | | | || (_| |  ) ) ) )
  '  |____| .__|_| |_|_| |_\__, | / / / /
 =========|_|==============|___/=/_/_/_/
 :: Spring Boot ::        (v2.1.7.RELEASE)

2022-10-02 15:11:30.814  INFO 14082 --- [    Test worker] c.j.b.s.web.HelloControllerTest          : Starting HelloControllerTest on ip-172-31-86-214.ec2.internal with PID 14082 (started by ec2-user in /home/ec2-user/app/step1/freelec-springboot2_1-webservice)
2022-10-02 15:11:30.824  INFO 14082 --- [    Test worker] c.j.b.s.web.HelloControllerTest          : No active profile set, falling back to default profiles: default
2022-10-02 15:11:31.791  INFO 14082 --- [    Test worker] o.s.s.concurrent.ThreadPoolTaskExecutor  : Initializing ExecutorService 'applicationTaskExecutor'
2022-10-02 15:11:31.856  INFO 14082 --- [    Test worker] o.s.b.a.w.s.WelcomePageHandlerMapping    : Adding welcome page template: index
2022-10-02 15:11:32.216  INFO 14082 --- [    Test worker] .s.s.UserDetailsServiceAutoConfiguration : 

Using generated security password: 9c99a28b-edd5-4b03-8fe5-8822fc40de1a

2022-10-02 15:11:32.439  INFO 14082 --- [    Test worker] o.s.s.web.DefaultSecurityFilterChain     : Creating filter chain: any request, [org.springframework.security.web.context.request.async.WebAsyncManagerIntegrationFilter@17608312, org.springframework.security.web.context.SecurityContextPersistenceFilter@4cc1a67, org.springframework.security.web.header.HeaderWriterFilter@50854907, org.springframework.security.web.csrf.CsrfFilter@1c74f870, org.springframework.security.web.authentication.logout.LogoutFilter@3f41d955, org.springframework.security.web.authentication.UsernamePasswordAuthenticationFilter@b516aaf, org.springframework.security.web.authentication.ui.DefaultLoginPageGeneratingFilter@1ce8ffa7, org.springframework.security.web.authentication.ui.DefaultLogoutPageGeneratingFilter@16fb8129, org.springframework.security.web.authentication.www.BasicAuthenticationFilter@62087821, org.springframework.security.web.savedrequest.RequestCacheAwareFilter@4191d1ec, org.springframework.security.web.servletapi.SecurityContextHolderAwareRequestFilter@3ba665a8, org.springframework.security.web.authentication.AnonymousAuthenticationFilter@37132aa7, org.springframework.security.web.session.SessionManagementFilter@6b099c1f, org.springframework.security.web.access.ExceptionTranslationFilter@73c6dbc1, org.springframework.security.web.access.intercept.FilterSecurityInterceptor@1724e572]
2022-10-02 15:11:32.513  INFO 14082 --- [    Test worker] o.s.b.t.m.w.SpringBootMockServletContext : Initializing Spring TestDispatcherServlet ''
2022-10-02 15:11:32.514  INFO 14082 --- [    Test worker] o.s.t.web.servlet.TestDispatcherServlet  : Initializing Servlet ''
2022-10-02 15:11:32.536  INFO 14082 --- [    Test worker] o.s.t.web.servlet.TestDispatcherServlet  : Completed initialization in 22 ms
2022-10-02 15:11:32.598  INFO 14082 --- [    Test worker] c.j.b.s.web.HelloControllerTest          : Started HelloControllerTest in 1.853 seconds (JVM running for 19.098)
]]></system-out>
  <system-err><![CDATA[]]></system-err>
</testsuite>
