<?xml version="1.0" encoding="UTF-8"?>
<testsuite name="com.jojoldu.book.springboot.web.HelloControllerTest" tests="2" skipped="0" failures="0" errors="0" timestamp="2022-02-19T09:03:59" hostname="ip-172-31-12-162.ap-northeast-2.compute.internal" time="0.38">
  <properties/>
  <testcase name="hello가_리턴된다" classname="com.jojoldu.book.springboot.web.HelloControllerTest" time="0.147"/>
  <testcase name="helloDto가_리턴된다" classname="com.jojoldu.book.springboot.web.HelloControllerTest" time="0.213"/>
  <system-out><![CDATA[2022-02-19 18:03:57.990  INFO 2193 --- [    Test worker] .b.t.a.w.s.WebMvcTestContextBootstrapper : Neither @ContextConfiguration nor @ContextHierarchy found for test class [com.jojoldu.book.springboot.web.HelloControllerTest], using SpringBootContextLoader
2022-02-19 18:03:57.994  INFO 2193 --- [    Test worker] o.s.t.c.support.AbstractContextLoader    : Could not detect default resource locations for test class [com.jojoldu.book.springboot.web.HelloControllerTest]: no resource found for suffixes {-context.xml, Context.groovy}.
2022-02-19 18:03:58.008  INFO 2193 --- [    Test worker] t.c.s.AnnotationConfigContextLoaderUtils : Could not detect default configuration classes for test class [com.jojoldu.book.springboot.web.HelloControllerTest]: HelloControllerTest does not declare any static, non-private, non-final, nested classes annotated with @Configuration.
2022-02-19 18:03:58.065  INFO 2193 --- [    Test worker] .b.t.c.SpringBootTestContextBootstrapper : Found @SpringBootConfiguration com.jojoldu.book.springboot.Application for test class com.jojoldu.book.springboot.web.HelloControllerTest
2022-02-19 18:03:58.070  INFO 2193 --- [    Test worker] .b.t.a.w.s.WebMvcTestContextBootstrapper : Loaded default TestExecutionListener class names from location [META-INF/spring.factories]: [org.springframework.security.test.context.support.WithSecurityContextTestExecutionListener, org.springframework.security.test.context.support.ReactorContextTestExecutionListener, org.springframework.boot.test.autoconfigure.restdocs.RestDocsTestExecutionListener, org.springframework.boot.test.autoconfigure.web.client.MockRestServiceServerResetTestExecutionListener, org.springframework.boot.test.autoconfigure.web.servlet.MockMvcPrintOnlyOnFailureTestExecutionListener, org.springframework.boot.test.autoconfigure.web.servlet.WebDriverTestExecutionListener, org.springframework.boot.test.mock.mockito.MockitoTestExecutionListener, org.springframework.boot.test.mock.mockito.ResetMocksTestExecutionListener, org.springframework.test.context.web.ServletTestExecutionListener, org.springframework.test.context.support.DirtiesContextBeforeModesTestExecutionListener, org.springframework.test.context.support.DependencyInjectionTestExecutionListener, org.springframework.test.context.support.DirtiesContextTestExecutionListener, org.springframework.test.context.transaction.TransactionalTestExecutionListener, org.springframework.test.context.jdbc.SqlScriptsTestExecutionListener]
2022-02-19 18:03:58.072  INFO 2193 --- [    Test worker] .b.t.a.w.s.WebMvcTestContextBootstrapper : Using TestExecutionListeners: [org.springframework.test.context.web.ServletTestExecutionListener@12c8fe30, org.springframework.test.context.support.DirtiesContextBeforeModesTestExecutionListener@144fc95a, org.springframework.boot.test.mock.mockito.MockitoTestExecutionListener@393ef5ce, org.springframework.boot.test.autoconfigure.SpringBootDependencyInjectionTestExecutionListener@4552c020, org.springframework.test.context.support.DirtiesContextTestExecutionListener@10be9fc4, org.springframework.test.context.transaction.TransactionalTestExecutionListener@7a518190, org.springframework.test.context.jdbc.SqlScriptsTestExecutionListener@340f8b91, org.springframework.security.test.context.support.WithSecurityContextTestExecutionListener@670f1ef0, org.springframework.security.test.context.support.ReactorContextTestExecutionListener@3abed6a, org.springframework.boot.test.autoconfigure.restdocs.RestDocsTestExecutionListener@7580a18e, org.springframework.boot.test.autoconfigure.web.client.MockRestServiceServerResetTestExecutionListener@3d9befac, org.springframework.boot.test.autoconfigure.web.servlet.MockMvcPrintOnlyOnFailureTestExecutionListener@227c9e71, org.springframework.boot.test.autoconfigure.web.servlet.WebDriverTestExecutionListener@7e60f7e9, org.springframework.boot.test.mock.mockito.ResetMocksTestExecutionListener@e1ca57a]

  .   ____          _            __ _ _
 /\\ / ___'_ __ _ _(_)_ __  __ _ \ \ \ \
( ( )\___ | '_ | '_| | '_ \/ _` | \ \ \ \
 \\/  ___)| |_)| | | | | || (_| |  ) ) ) )
  '  |____| .__|_| |_|_| |_\__, | / / / /
 =========|_|==============|___/=/_/_/_/
 :: Spring Boot ::        (v2.1.7.RELEASE)

2022-02-19 18:03:58.131  INFO 2193 --- [    Test worker] c.j.b.s.web.HelloControllerTest          : Starting HelloControllerTest on ip-172-31-12-162.ap-northeast-2.compute.internal with PID 2193 (started by ec2-user in /home/ec2-user/app/step1/freelec-springboot2_1-webservice)
2022-02-19 18:03:58.143  INFO 2193 --- [    Test worker] c.j.b.s.web.HelloControllerTest          : No active profile set, falling back to default profiles: default
2022-02-19 18:03:59.007  INFO 2193 --- [    Test worker] o.s.s.concurrent.ThreadPoolTaskExecutor  : Initializing ExecutorService 'applicationTaskExecutor'
2022-02-19 18:03:59.067  INFO 2193 --- [    Test worker] o.s.b.a.w.s.WelcomePageHandlerMapping    : Adding welcome page template: index
2022-02-19 18:03:59.447  INFO 2193 --- [    Test worker] .s.s.UserDetailsServiceAutoConfiguration : 

Using generated security password: 08ab6bf7-50a3-44ef-8bab-a1128904f93c

2022-02-19 18:03:59.683  INFO 2193 --- [    Test worker] o.s.s.web.DefaultSecurityFilterChain     : Creating filter chain: any request, [org.springframework.security.web.context.request.async.WebAsyncManagerIntegrationFilter@6d87e1d7, org.springframework.security.web.context.SecurityContextPersistenceFilter@3a9af9a, org.springframework.security.web.header.HeaderWriterFilter@13d9b30c, org.springframework.security.web.csrf.CsrfFilter@f7da9c2, org.springframework.security.web.authentication.logout.LogoutFilter@234d5053, org.springframework.security.web.authentication.UsernamePasswordAuthenticationFilter@43021ce6, org.springframework.security.web.authentication.ui.DefaultLoginPageGeneratingFilter@4fdc82db, org.springframework.security.web.authentication.ui.DefaultLogoutPageGeneratingFilter@5798c42b, org.springframework.security.web.authentication.www.BasicAuthenticationFilter@313dc05a, org.springframework.security.web.savedrequest.RequestCacheAwareFilter@21a38080, org.springframework.security.web.servletapi.SecurityContextHolderAwareRequestFilter@7fbc166b, org.springframework.security.web.authentication.AnonymousAuthenticationFilter@878e192, org.springframework.security.web.session.SessionManagementFilter@71882b0c, org.springframework.security.web.access.ExceptionTranslationFilter@38134768, org.springframework.security.web.access.intercept.FilterSecurityInterceptor@2de59cfd]
2022-02-19 18:03:59.755  INFO 2193 --- [    Test worker] o.s.b.t.m.w.SpringBootMockServletContext : Initializing Spring TestDispatcherServlet ''
2022-02-19 18:03:59.756  INFO 2193 --- [    Test worker] o.s.t.web.servlet.TestDispatcherServlet  : Initializing Servlet ''
2022-02-19 18:03:59.777  INFO 2193 --- [    Test worker] o.s.t.web.servlet.TestDispatcherServlet  : Completed initialization in 20 ms
2022-02-19 18:03:59.844  INFO 2193 --- [    Test worker] c.j.b.s.web.HelloControllerTest          : Started HelloControllerTest in 1.768 seconds (JVM running for 20.153)
]]></system-out>
  <system-err><![CDATA[]]></system-err>
</testsuite>
