<?xml version="1.0" encoding="UTF-8"?>
<testsuite name="com.jojoldu.book.springboot.PostsRepositoryTest" tests="2" skipped="0" failures="0" errors="0" timestamp="2022-02-16T09:58:01" hostname="DESKTOP-PF9N4H3" time="0.077">
  <properties/>
  <testcase name="게시글저장_불러오기" classname="com.jojoldu.book.springboot.PostsRepositoryTest" time="0.063"/>
  <testcase name="BaseTimeEntity_등록" classname="com.jojoldu.book.springboot.PostsRepositoryTest" time="0.013"/>
  <system-out><![CDATA[2022-02-16 18:58:01.816  INFO 17884 --- [    Test worker] .b.t.c.SpringBootTestContextBootstrapper : Neither @ContextConfiguration nor @ContextHierarchy found for test class [com.jojoldu.book.springboot.PostsRepositoryTest], using SpringBootContextLoader
2022-02-16 18:58:01.822  INFO 17884 --- [    Test worker] o.s.t.c.support.AbstractContextLoader    : Could not detect default resource locations for test class [com.jojoldu.book.springboot.PostsRepositoryTest]: no resource found for suffixes {-context.xml, Context.groovy}.
2022-02-16 18:58:01.822  INFO 17884 --- [    Test worker] t.c.s.AnnotationConfigContextLoaderUtils : Could not detect default configuration classes for test class [com.jojoldu.book.springboot.PostsRepositoryTest]: PostsRepositoryTest does not declare any static, non-private, non-final, nested classes annotated with @Configuration.
2022-02-16 18:58:01.838  INFO 17884 --- [    Test worker] .b.t.c.SpringBootTestContextBootstrapper : Found @SpringBootConfiguration com.jojoldu.book.springboot.Application for test class com.jojoldu.book.springboot.PostsRepositoryTest
2022-02-16 18:58:01.843  INFO 17884 --- [    Test worker] .b.t.c.SpringBootTestContextBootstrapper : Loaded default TestExecutionListener class names from location [META-INF/spring.factories]: [org.springframework.security.test.context.support.WithSecurityContextTestExecutionListener, org.springframework.security.test.context.support.ReactorContextTestExecutionListener, org.springframework.boot.test.autoconfigure.restdocs.RestDocsTestExecutionListener, org.springframework.boot.test.autoconfigure.web.client.MockRestServiceServerResetTestExecutionListener, org.springframework.boot.test.autoconfigure.web.servlet.MockMvcPrintOnlyOnFailureTestExecutionListener, org.springframework.boot.test.autoconfigure.web.servlet.WebDriverTestExecutionListener, org.springframework.boot.test.mock.mockito.MockitoTestExecutionListener, org.springframework.boot.test.mock.mockito.ResetMocksTestExecutionListener, org.springframework.test.context.web.ServletTestExecutionListener, org.springframework.test.context.support.DirtiesContextBeforeModesTestExecutionListener, org.springframework.test.context.support.DependencyInjectionTestExecutionListener, org.springframework.test.context.support.DirtiesContextTestExecutionListener, org.springframework.test.context.transaction.TransactionalTestExecutionListener, org.springframework.test.context.jdbc.SqlScriptsTestExecutionListener]
2022-02-16 18:58:01.845  INFO 17884 --- [    Test worker] .b.t.c.SpringBootTestContextBootstrapper : Using TestExecutionListeners: [org.springframework.test.context.web.ServletTestExecutionListener@5c8f1139, org.springframework.test.context.support.DirtiesContextBeforeModesTestExecutionListener@2a93193a, org.springframework.boot.test.mock.mockito.MockitoTestExecutionListener@70029c62, org.springframework.boot.test.autoconfigure.SpringBootDependencyInjectionTestExecutionListener@1bfced5c, org.springframework.test.context.support.DirtiesContextTestExecutionListener@3f5e31c3, org.springframework.test.context.transaction.TransactionalTestExecutionListener@db6b5db, org.springframework.test.context.jdbc.SqlScriptsTestExecutionListener@69b3d983, org.springframework.security.test.context.support.WithSecurityContextTestExecutionListener@15d95fe4, org.springframework.security.test.context.support.ReactorContextTestExecutionListener@5b47a4b5, org.springframework.boot.test.autoconfigure.restdocs.RestDocsTestExecutionListener@63e7da6b, org.springframework.boot.test.autoconfigure.web.client.MockRestServiceServerResetTestExecutionListener@14ef7855, org.springframework.boot.test.autoconfigure.web.servlet.MockMvcPrintOnlyOnFailureTestExecutionListener@4b163353, org.springframework.boot.test.autoconfigure.web.servlet.WebDriverTestExecutionListener@2d125488, org.springframework.boot.test.mock.mockito.ResetMocksTestExecutionListener@70fbe7c3]
Hibernate: insert into posts (created_date, modified_date, author, content, title) values (?, ?, ?, ?, ?)
Hibernate: select posts0_.id as id1_0_, posts0_.created_date as created_2_0_, posts0_.modified_date as modified3_0_, posts0_.author as author4_0_, posts0_.content as content5_0_, posts0_.title as title6_0_ from posts posts0_
Hibernate: select posts0_.id as id1_0_, posts0_.created_date as created_2_0_, posts0_.modified_date as modified3_0_, posts0_.author as author4_0_, posts0_.content as content5_0_, posts0_.title as title6_0_ from posts posts0_
Hibernate: delete from posts where id=?
Hibernate: insert into posts (created_date, modified_date, author, content, title) values (?, ?, ?, ?, ?)
Hibernate: select posts0_.id as id1_0_, posts0_.created_date as created_2_0_, posts0_.modified_date as modified3_0_, posts0_.author as author4_0_, posts0_.content as content5_0_, posts0_.title as title6_0_ from posts posts0_
>>>>>>>> createDate=2022-02-16T18:58:01.929, modifiedDate=2022-02-16T18:58:01.929
Hibernate: select posts0_.id as id1_0_, posts0_.created_date as created_2_0_, posts0_.modified_date as modified3_0_, posts0_.author as author4_0_, posts0_.content as content5_0_, posts0_.title as title6_0_ from posts posts0_
Hibernate: delete from posts where id=?
]]></system-out>
  <system-err><![CDATA[]]></system-err>
</testsuite>
