<?xml version="1.0" encoding="UTF-8"?>
<testsuite name="com.jojoldu.book.springboot.PostsRepositoryTest" tests="2" skipped="0" failures="0" errors="0" timestamp="2022-10-02T06:11:29" hostname="ip-172-31-86-214.ec2.internal" time="0.716">
  <properties/>
  <testcase name="게시글저장_불러오기" classname="com.jojoldu.book.springboot.PostsRepositoryTest" time="0.678"/>
  <testcase name="BaseTimeEntity_등록" classname="com.jojoldu.book.springboot.PostsRepositoryTest" time="0.035"/>
  <system-out><![CDATA[15:11:15.381 [Test worker] DEBUG org.springframework.test.context.junit4.SpringJUnit4ClassRunner - SpringJUnit4ClassRunner constructor called with [class com.jojoldu.book.springboot.PostsRepositoryTest]
15:11:15.407 [Test worker] DEBUG org.springframework.test.context.BootstrapUtils - Instantiating CacheAwareContextLoaderDelegate from class [org.springframework.test.context.cache.DefaultCacheAwareContextLoaderDelegate]
15:11:15.435 [Test worker] DEBUG org.springframework.test.context.BootstrapUtils - Instantiating BootstrapContext using constructor [public org.springframework.test.context.support.DefaultBootstrapContext(java.lang.Class,org.springframework.test.context.CacheAwareContextLoaderDelegate)]
15:11:15.488 [Test worker] DEBUG org.springframework.test.context.BootstrapUtils - Instantiating TestContextBootstrapper for test class [com.jojoldu.book.springboot.PostsRepositoryTest] from class [org.springframework.boot.test.context.SpringBootTestContextBootstrapper]
15:11:15.526 [Test worker] INFO org.springframework.boot.test.context.SpringBootTestContextBootstrapper - Neither @ContextConfiguration nor @ContextHierarchy found for test class [com.jojoldu.book.springboot.PostsRepositoryTest], using SpringBootContextLoader
15:11:15.535 [Test worker] DEBUG org.springframework.test.context.support.AbstractContextLoader - Did not detect default resource location for test class [com.jojoldu.book.springboot.PostsRepositoryTest]: class path resource [com/jojoldu/book/springboot/PostsRepositoryTest-context.xml] does not exist
15:11:15.536 [Test worker] DEBUG org.springframework.test.context.support.AbstractContextLoader - Did not detect default resource location for test class [com.jojoldu.book.springboot.PostsRepositoryTest]: class path resource [com/jojoldu/book/springboot/PostsRepositoryTestContext.groovy] does not exist
15:11:15.536 [Test worker] INFO org.springframework.test.context.support.AbstractContextLoader - Could not detect default resource locations for test class [com.jojoldu.book.springboot.PostsRepositoryTest]: no resource found for suffixes {-context.xml, Context.groovy}.
15:11:15.537 [Test worker] INFO org.springframework.test.context.support.AnnotationConfigContextLoaderUtils - Could not detect default configuration classes for test class [com.jojoldu.book.springboot.PostsRepositoryTest]: PostsRepositoryTest does not declare any static, non-private, non-final, nested classes annotated with @Configuration.
15:11:15.693 [Test worker] DEBUG org.springframework.test.context.support.ActiveProfilesUtils - Could not find an 'annotation declaring class' for annotation type [org.springframework.test.context.ActiveProfiles] and class [com.jojoldu.book.springboot.PostsRepositoryTest]
15:11:15.834 [Test worker] DEBUG org.springframework.context.annotation.ClassPathScanningCandidateComponentProvider - Identified candidate component class: file [/home/ec2-user/app/step1/freelec-springboot2_1-webservice/build/classes/java/main/com/jojoldu/book/springboot/Application.class]
15:11:15.835 [Test worker] INFO org.springframework.boot.test.context.SpringBootTestContextBootstrapper - Found @SpringBootConfiguration com.jojoldu.book.springboot.Application for test class com.jojoldu.book.springboot.PostsRepositoryTest
15:11:16.036 [Test worker] DEBUG org.springframework.boot.test.context.SpringBootTestContextBootstrapper - @TestExecutionListeners is not present for class [com.jojoldu.book.springboot.PostsRepositoryTest]: using defaults.
15:11:16.038 [Test worker] INFO org.springframework.boot.test.context.SpringBootTestContextBootstrapper - Loaded default TestExecutionListener class names from location [META-INF/spring.factories]: [org.springframework.security.test.context.support.WithSecurityContextTestExecutionListener, org.springframework.security.test.context.support.ReactorContextTestExecutionListener, org.springframework.boot.test.autoconfigure.restdocs.RestDocsTestExecutionListener, org.springframework.boot.test.autoconfigure.web.client.MockRestServiceServerResetTestExecutionListener, org.springframework.boot.test.autoconfigure.web.servlet.MockMvcPrintOnlyOnFailureTestExecutionListener, org.springframework.boot.test.autoconfigure.web.servlet.WebDriverTestExecutionListener, org.springframework.boot.test.mock.mockito.MockitoTestExecutionListener, org.springframework.boot.test.mock.mockito.ResetMocksTestExecutionListener, org.springframework.test.context.web.ServletTestExecutionListener, org.springframework.test.context.support.DirtiesContextBeforeModesTestExecutionListener, org.springframework.test.context.support.DependencyInjectionTestExecutionListener, org.springframework.test.context.support.DirtiesContextTestExecutionListener, org.springframework.test.context.transaction.TransactionalTestExecutionListener, org.springframework.test.context.jdbc.SqlScriptsTestExecutionListener]
15:11:16.070 [Test worker] INFO org.springframework.boot.test.context.SpringBootTestContextBootstrapper - Using TestExecutionListeners: [org.springframework.test.context.web.ServletTestExecutionListener@5d772a5d, org.springframework.test.context.support.DirtiesContextBeforeModesTestExecutionListener@2eb955f4, org.springframework.boot.test.mock.mockito.MockitoTestExecutionListener@67289bfb, org.springframework.boot.test.autoconfigure.SpringBootDependencyInjectionTestExecutionListener@35dab10e, org.springframework.test.context.support.DirtiesContextTestExecutionListener@511b502a, org.springframework.test.context.transaction.TransactionalTestExecutionListener@3569a908, org.springframework.test.context.jdbc.SqlScriptsTestExecutionListener@16bd0b1d, org.springframework.security.test.context.support.WithSecurityContextTestExecutionListener@760f8a05, org.springframework.security.test.context.support.ReactorContextTestExecutionListener@7d9e1eee, org.springframework.boot.test.autoconfigure.restdocs.RestDocsTestExecutionListener@547d9bc, org.springframework.boot.test.autoconfigure.web.client.MockRestServiceServerResetTestExecutionListener@7bdccfea, org.springframework.boot.test.autoconfigure.web.servlet.MockMvcPrintOnlyOnFailureTestExecutionListener@71892d36, org.springframework.boot.test.autoconfigure.web.servlet.WebDriverTestExecutionListener@7c6d3487, org.springframework.boot.test.mock.mockito.ResetMocksTestExecutionListener@475c888f]
15:11:16.077 [Test worker] DEBUG org.springframework.test.annotation.ProfileValueUtils - Retrieved @ProfileValueSourceConfiguration [null] for test class [com.jojoldu.book.springboot.PostsRepositoryTest]
15:11:16.083 [Test worker] DEBUG org.springframework.test.annotation.ProfileValueUtils - Retrieved ProfileValueSource type [class org.springframework.test.annotation.SystemProfileValueSource] for class [com.jojoldu.book.springboot.PostsRepositoryTest]
15:11:16.084 [Test worker] DEBUG org.springframework.test.annotation.ProfileValueUtils - Retrieved @ProfileValueSourceConfiguration [null] for test class [com.jojoldu.book.springboot.PostsRepositoryTest]
15:11:16.084 [Test worker] DEBUG org.springframework.test.annotation.ProfileValueUtils - Retrieved ProfileValueSource type [class org.springframework.test.annotation.SystemProfileValueSource] for class [com.jojoldu.book.springboot.PostsRepositoryTest]
15:11:16.093 [Test worker] DEBUG org.springframework.test.context.support.AbstractDirtiesContextTestExecutionListener - Before test class: context [DefaultTestContext@4378c13 testClass = PostsRepositoryTest, testInstance = [null], testMethod = [null], testException = [null], mergedContextConfiguration = [WebMergedContextConfiguration@3405712c testClass = PostsRepositoryTest, locations = '{}', classes = '{class com.jojoldu.book.springboot.Application}', contextInitializerClasses = '[]', activeProfiles = '{}', propertySourceLocations = '{}', propertySourceProperties = '{org.springframework.boot.test.context.SpringBootTestContextBootstrapper=true}', contextCustomizers = set[org.springframework.boot.test.autoconfigure.properties.PropertyMappingContextCustomizer@0, org.springframework.boot.test.autoconfigure.web.servlet.WebDriverContextCustomizerFactory$Customizer@3afa92c3, org.springframework.boot.test.context.filter.ExcludeFilterContextCustomizer@d1bec23, org.springframework.boot.test.json.DuplicateJsonObjectContextCustomizerFactory$DuplicateJsonObjectContextCustomizer@12a06a0a, org.springframework.boot.test.mock.mockito.MockitoContextCustomizer@0, org.springframework.boot.test.web.client.TestRestTemplateContextCustomizer@71c653a1], resourceBasePath = 'src/main/webapp', contextLoader = 'org.springframework.boot.test.context.SpringBootContextLoader', parent = [null]], attributes = map['org.springframework.test.context.web.ServletTestExecutionListener.activateListener' -> true]], class annotated with @DirtiesContext [false] with mode [null].
15:11:16.094 [Test worker] DEBUG org.springframework.test.annotation.ProfileValueUtils - Retrieved @ProfileValueSourceConfiguration [null] for test class [com.jojoldu.book.springboot.PostsRepositoryTest]
15:11:16.094 [Test worker] DEBUG org.springframework.test.annotation.ProfileValueUtils - Retrieved ProfileValueSource type [class org.springframework.test.annotation.SystemProfileValueSource] for class [com.jojoldu.book.springboot.PostsRepositoryTest]
15:11:16.141 [Test worker] DEBUG org.springframework.test.context.support.TestPropertySourceUtils - Adding inlined properties to environment: {spring.jmx.enabled=false, org.springframework.boot.test.context.SpringBootTestContextBootstrapper=true, server.port=-1}

  .   ____          _            __ _ _
 /\\ / ___'_ __ _ _(_)_ __  __ _ \ \ \ \
( ( )\___ | '_ | '_| | '_ \/ _` | \ \ \ \
 \\/  ___)| |_)| | | | | || (_| |  ) ) ) )
  '  |____| .__|_| |_|_| |_\__, | / / / /
 =========|_|==============|___/=/_/_/_/
 :: Spring Boot ::        (v2.1.7.RELEASE)

2022-10-02 15:11:16.901  INFO 14082 --- [    Test worker] c.j.book.springboot.PostsRepositoryTest  : Starting PostsRepositoryTest on ip-172-31-86-214.ec2.internal with PID 14082 (started by ec2-user in /home/ec2-user/app/step1/freelec-springboot2_1-webservice)
2022-10-02 15:11:16.908  INFO 14082 --- [    Test worker] c.j.book.springboot.PostsRepositoryTest  : No active profile set, falling back to default profiles: default
2022-10-02 15:11:19.582  INFO 14082 --- [    Test worker] .s.d.r.c.RepositoryConfigurationDelegate : Bootstrapping Spring Data repositories in DEFAULT mode.
2022-10-02 15:11:19.775  INFO 14082 --- [    Test worker] .s.d.r.c.RepositoryConfigurationDelegate : Finished Spring Data repository scanning in 173ms. Found 2 repository interfaces.
2022-10-02 15:11:21.060  INFO 14082 --- [    Test worker] trationDelegate$BeanPostProcessorChecker : Bean 'org.springframework.transaction.annotation.ProxyTransactionManagementConfiguration' of type [org.springframework.transaction.annotation.ProxyTransactionManagementConfiguration$$EnhancerBySpringCGLIB$$8289a1] is not eligible for getting processed by all BeanPostProcessors (for example: not eligible for auto-proxying)
2022-10-02 15:11:21.584  INFO 14082 --- [    Test worker] com.zaxxer.hikari.HikariDataSource       : HikariPool-1 - Starting...
2022-10-02 15:11:21.979  INFO 14082 --- [    Test worker] com.zaxxer.hikari.HikariDataSource       : HikariPool-1 - Start completed.
2022-10-02 15:11:22.194  INFO 14082 --- [    Test worker] o.hibernate.jpa.internal.util.LogHelper  : HHH000204: Processing PersistenceUnitInfo [
	name: default
	...]
2022-10-02 15:11:22.436  INFO 14082 --- [    Test worker] org.hibernate.Version                    : HHH000412: Hibernate Core {5.3.10.Final}
2022-10-02 15:11:22.444  INFO 14082 --- [    Test worker] org.hibernate.cfg.Environment            : HHH000206: hibernate.properties not found
2022-10-02 15:11:22.809  INFO 14082 --- [    Test worker] o.hibernate.annotations.common.Version   : HCANN000001: Hibernate Commons Annotations {5.0.4.Final}
2022-10-02 15:11:23.159  INFO 14082 --- [    Test worker] org.hibernate.dialect.Dialect            : HHH000400: Using dialect: org.hibernate.dialect.MySQL5InnoDBDialect
Hibernate: drop table if exists posts
Hibernate: drop table if exists user
Hibernate: create table posts (id bigint not null auto_increment, created_date datetime, modified_date datetime, author varchar(255), content TEXT not null, title varchar(500) not null, primary key (id)) engine=InnoDB
Hibernate: create table user (id bigint not null auto_increment, created_date datetime, modified_date datetime, email varchar(255) not null, name varchar(255) not null, picture varchar(255), role varchar(255) not null, primary key (id)) engine=InnoDB
2022-10-02 15:11:24.511  INFO 14082 --- [    Test worker] o.h.t.schema.internal.SchemaCreatorImpl  : HHH000476: Executing import script 'org.hibernate.tool.schema.internal.exec.ScriptSourceInputNonExistentImpl@1af51ad6'
2022-10-02 15:11:24.519  INFO 14082 --- [    Test worker] j.LocalContainerEntityManagerFactoryBean : Initialized JPA EntityManagerFactory for persistence unit 'default'
2022-10-02 15:11:25.714  INFO 14082 --- [    Test worker] o.h.h.i.QueryTranslatorFactoryInitiator  : HHH000397: Using ASTQueryTranslatorFactory
2022-10-02 15:11:26.748  INFO 14082 --- [    Test worker] o.s.s.web.DefaultSecurityFilterChain     : Creating filter chain: any request, [org.springframework.security.web.context.request.async.WebAsyncManagerIntegrationFilter@5b43bff3, org.springframework.security.web.context.SecurityContextPersistenceFilter@381405a4, org.springframework.security.web.header.HeaderWriterFilter@1fb88b98, org.springframework.security.web.authentication.logout.LogoutFilter@634ce74b, org.springframework.security.oauth2.client.web.OAuth2AuthorizationRequestRedirectFilter@202b72e0, org.springframework.security.oauth2.client.web.OAuth2LoginAuthenticationFilter@2be388c, org.springframework.security.web.authentication.ui.DefaultLoginPageGeneratingFilter@41b25bc, org.springframework.security.web.authentication.ui.DefaultLogoutPageGeneratingFilter@65c5a11c, org.springframework.security.web.savedrequest.RequestCacheAwareFilter@79ff6b5a, org.springframework.security.web.servletapi.SecurityContextHolderAwareRequestFilter@32c6bc22, org.springframework.security.web.authentication.AnonymousAuthenticationFilter@2051d885, org.springframework.security.web.session.SessionManagementFilter@6b1820e8, org.springframework.security.web.access.ExceptionTranslationFilter@4b564023, org.springframework.security.web.access.intercept.FilterSecurityInterceptor@524156f3]
2022-10-02 15:11:27.950  INFO 14082 --- [    Test worker] o.s.s.concurrent.ThreadPoolTaskExecutor  : Initializing ExecutorService 'applicationTaskExecutor'
2022-10-02 15:11:28.066  WARN 14082 --- [    Test worker] aWebConfiguration$JpaWebMvcConfiguration : spring.jpa.open-in-view is enabled by default. Therefore, database queries may be performed during view rendering. Explicitly configure spring.jpa.open-in-view to disable this warning
2022-10-02 15:11:28.187  INFO 14082 --- [    Test worker] o.s.b.a.w.s.WelcomePageHandlerMapping    : Adding welcome page template: index
2022-10-02 15:11:29.704  INFO 14082 --- [    Test worker] s.a.ScheduledAnnotationBeanPostProcessor : No TaskScheduler/ScheduledExecutorService bean found for scheduled processing
2022-10-02 15:11:29.732  INFO 14082 --- [    Test worker] c.j.book.springboot.PostsRepositoryTest  : Started PostsRepositoryTest in 13.568 seconds (JVM running for 16.232)
Hibernate: insert into posts (created_date, modified_date, author, content, title) values (?, ?, ?, ?, ?)
Hibernate: select posts0_.id as id1_0_, posts0_.created_date as created_2_0_, posts0_.modified_date as modified3_0_, posts0_.author as author4_0_, posts0_.content as content5_0_, posts0_.title as title6_0_ from posts posts0_
Hibernate: select posts0_.id as id1_0_, posts0_.created_date as created_2_0_, posts0_.modified_date as modified3_0_, posts0_.author as author4_0_, posts0_.content as content5_0_, posts0_.title as title6_0_ from posts posts0_
Hibernate: delete from posts where id=?
Hibernate: insert into posts (created_date, modified_date, author, content, title) values (?, ?, ?, ?, ?)
Hibernate: select posts0_.id as id1_0_, posts0_.created_date as created_2_0_, posts0_.modified_date as modified3_0_, posts0_.author as author4_0_, posts0_.content as content5_0_, posts0_.title as title6_0_ from posts posts0_
>>>>>>>> createDate=2022-10-02T15:11:30.472, modifiedDate=2022-10-02T15:11:30.472
Hibernate: select posts0_.id as id1_0_, posts0_.created_date as created_2_0_, posts0_.modified_date as modified3_0_, posts0_.author as author4_0_, posts0_.content as content5_0_, posts0_.title as title6_0_ from posts posts0_
Hibernate: delete from posts where id=?
]]></system-out>
  <system-err><![CDATA[]]></system-err>
</testsuite>
