<?xml version="1.0" encoding="UTF-8"?>
<<<<<<< HEAD
<testsuite name="com.jojoldu.book.springboot.domain.posts.PostsRepositoryTest" tests="2" skipped="0" failures="0" errors="0" timestamp="2022-02-17T11:43:41" hostname="ip-172-31-12-162.ap-northeast-2.compute.internal" time="0.063">
  <properties/>
  <testcase name="게시글저장_불러오기" classname="com.jojoldu.book.springboot.domain.posts.PostsRepositoryTest" time="0.028"/>
  <testcase name="BaseTimeEntity_등록" classname="com.jojoldu.book.springboot.domain.posts.PostsRepositoryTest" time="0.031"/>
  <system-out><![CDATA[2022-02-17 20:43:41.364  INFO 17754 --- [    Test worker] .b.t.c.SpringBootTestContextBootstrapper : Neither @ContextConfiguration nor @ContextHierarchy found for test class [com.jojoldu.book.springboot.domain.posts.PostsRepositoryTest], using SpringBootContextLoader
2022-02-17 20:43:41.366  INFO 17754 --- [    Test worker] o.s.t.c.support.AbstractContextLoader    : Could not detect default resource locations for test class [com.jojoldu.book.springboot.domain.posts.PostsRepositoryTest]: no resource found for suffixes {-context.xml, Context.groovy}.
2022-02-17 20:43:41.368  INFO 17754 --- [    Test worker] t.c.s.AnnotationConfigContextLoaderUtils : Could not detect default configuration classes for test class [com.jojoldu.book.springboot.domain.posts.PostsRepositoryTest]: PostsRepositoryTest does not declare any static, non-private, non-final, nested classes annotated with @Configuration.
2022-02-17 20:43:41.395  INFO 17754 --- [    Test worker] .b.t.c.SpringBootTestContextBootstrapper : Found @SpringBootConfiguration com.jojoldu.book.springboot.Application for test class com.jojoldu.book.springboot.domain.posts.PostsRepositoryTest
2022-02-17 20:43:41.405  INFO 17754 --- [    Test worker] .b.t.c.SpringBootTestContextBootstrapper : Loaded default TestExecutionListener class names from location [META-INF/spring.factories]: [org.springframework.security.test.context.support.WithSecurityContextTestExecutionListener, org.springframework.security.test.context.support.ReactorContextTestExecutionListener, org.springframework.boot.test.autoconfigure.restdocs.RestDocsTestExecutionListener, org.springframework.boot.test.autoconfigure.web.client.MockRestServiceServerResetTestExecutionListener, org.springframework.boot.test.autoconfigure.web.servlet.MockMvcPrintOnlyOnFailureTestExecutionListener, org.springframework.boot.test.autoconfigure.web.servlet.WebDriverTestExecutionListener, org.springframework.boot.test.mock.mockito.MockitoTestExecutionListener, org.springframework.boot.test.mock.mockito.ResetMocksTestExecutionListener, org.springframework.test.context.web.ServletTestExecutionListener, org.springframework.test.context.support.DirtiesContextBeforeModesTestExecutionListener, org.springframework.test.context.support.DependencyInjectionTestExecutionListener, org.springframework.test.context.support.DirtiesContextTestExecutionListener, org.springframework.test.context.transaction.TransactionalTestExecutionListener, org.springframework.test.context.jdbc.SqlScriptsTestExecutionListener]
2022-02-17 20:43:41.408  INFO 17754 --- [    Test worker] .b.t.c.SpringBootTestContextBootstrapper : Using TestExecutionListeners: [org.springframework.test.context.web.ServletTestExecutionListener@618ceb53, org.springframework.test.context.support.DirtiesContextBeforeModesTestExecutionListener@29ec29e2, org.springframework.boot.test.mock.mockito.MockitoTestExecutionListener@3b1090c7, org.springframework.boot.test.autoconfigure.SpringBootDependencyInjectionTestExecutionListener@413edccc, org.springframework.test.context.support.DirtiesContextTestExecutionListener@476e61cb, org.springframework.test.context.transaction.TransactionalTestExecutionListener@f85f3fd, org.springframework.test.context.jdbc.SqlScriptsTestExecutionListener@30accc62, org.springframework.security.test.context.support.WithSecurityContextTestExecutionListener@743be07, org.springframework.security.test.context.support.ReactorContextTestExecutionListener@3317f71d, org.springframework.boot.test.autoconfigure.restdocs.RestDocsTestExecutionListener@132de099, org.springframework.boot.test.autoconfigure.web.client.MockRestServiceServerResetTestExecutionListener@4534e142, org.springframework.boot.test.autoconfigure.web.servlet.MockMvcPrintOnlyOnFailureTestExecutionListener@5f1ddc65, org.springframework.boot.test.autoconfigure.web.servlet.WebDriverTestExecutionListener@53be7784, org.springframework.boot.test.mock.mockito.ResetMocksTestExecutionListener@2f6b6c42]
=======
<testsuite name="com.jojoldu.book.springboot.domain.posts.PostsRepositoryTest" tests="2" skipped="0" failures="0" errors="0" timestamp="2022-02-19T09:03:57" hostname="ip-172-31-12-162.ap-northeast-2.compute.internal" time="0.059">
  <properties/>
  <testcase name="게시글저장_불러오기" classname="com.jojoldu.book.springboot.domain.posts.PostsRepositoryTest" time="0.024"/>
  <testcase name="BaseTimeEntity_등록" classname="com.jojoldu.book.springboot.domain.posts.PostsRepositoryTest" time="0.032"/>
  <system-out><![CDATA[2022-02-19 18:03:57.878  INFO 2193 --- [    Test worker] .b.t.c.SpringBootTestContextBootstrapper : Neither @ContextConfiguration nor @ContextHierarchy found for test class [com.jojoldu.book.springboot.domain.posts.PostsRepositoryTest], using SpringBootContextLoader
2022-02-19 18:03:57.880  INFO 2193 --- [    Test worker] o.s.t.c.support.AbstractContextLoader    : Could not detect default resource locations for test class [com.jojoldu.book.springboot.domain.posts.PostsRepositoryTest]: no resource found for suffixes {-context.xml, Context.groovy}.
2022-02-19 18:03:57.883  INFO 2193 --- [    Test worker] t.c.s.AnnotationConfigContextLoaderUtils : Could not detect default configuration classes for test class [com.jojoldu.book.springboot.domain.posts.PostsRepositoryTest]: PostsRepositoryTest does not declare any static, non-private, non-final, nested classes annotated with @Configuration.
2022-02-19 18:03:57.900  INFO 2193 --- [    Test worker] .b.t.c.SpringBootTestContextBootstrapper : Found @SpringBootConfiguration com.jojoldu.book.springboot.Application for test class com.jojoldu.book.springboot.domain.posts.PostsRepositoryTest
2022-02-19 18:03:57.907  INFO 2193 --- [    Test worker] .b.t.c.SpringBootTestContextBootstrapper : Loaded default TestExecutionListener class names from location [META-INF/spring.factories]: [org.springframework.security.test.context.support.WithSecurityContextTestExecutionListener, org.springframework.security.test.context.support.ReactorContextTestExecutionListener, org.springframework.boot.test.autoconfigure.restdocs.RestDocsTestExecutionListener, org.springframework.boot.test.autoconfigure.web.client.MockRestServiceServerResetTestExecutionListener, org.springframework.boot.test.autoconfigure.web.servlet.MockMvcPrintOnlyOnFailureTestExecutionListener, org.springframework.boot.test.autoconfigure.web.servlet.WebDriverTestExecutionListener, org.springframework.boot.test.mock.mockito.MockitoTestExecutionListener, org.springframework.boot.test.mock.mockito.ResetMocksTestExecutionListener, org.springframework.test.context.web.ServletTestExecutionListener, org.springframework.test.context.support.DirtiesContextBeforeModesTestExecutionListener, org.springframework.test.context.support.DependencyInjectionTestExecutionListener, org.springframework.test.context.support.DirtiesContextTestExecutionListener, org.springframework.test.context.transaction.TransactionalTestExecutionListener, org.springframework.test.context.jdbc.SqlScriptsTestExecutionListener]
2022-02-19 18:03:57.909  INFO 2193 --- [    Test worker] .b.t.c.SpringBootTestContextBootstrapper : Using TestExecutionListeners: [org.springframework.test.context.web.ServletTestExecutionListener@7c78b53b, org.springframework.test.context.support.DirtiesContextBeforeModesTestExecutionListener@5c5aff67, org.springframework.boot.test.mock.mockito.MockitoTestExecutionListener@282791d2, org.springframework.boot.test.autoconfigure.SpringBootDependencyInjectionTestExecutionListener@58d0458c, org.springframework.test.context.support.DirtiesContextTestExecutionListener@6138e2c0, org.springframework.test.context.transaction.TransactionalTestExecutionListener@6a929847, org.springframework.test.context.jdbc.SqlScriptsTestExecutionListener@7eaf2dc6, org.springframework.security.test.context.support.WithSecurityContextTestExecutionListener@2409fbba, org.springframework.security.test.context.support.ReactorContextTestExecutionListener@2013319, org.springframework.boot.test.autoconfigure.restdocs.RestDocsTestExecutionListener@7c2fc3be, org.springframework.boot.test.autoconfigure.web.client.MockRestServiceServerResetTestExecutionListener@7be910e0, org.springframework.boot.test.autoconfigure.web.servlet.MockMvcPrintOnlyOnFailureTestExecutionListener@1056e00c, org.springframework.boot.test.autoconfigure.web.servlet.WebDriverTestExecutionListener@1bc480e4, org.springframework.boot.test.mock.mockito.ResetMocksTestExecutionListener@19f48211]
>>>>>>> 6114b79a43ed30990bd659d1f9e910a99de82874
Hibernate: insert into posts (created_date, modified_date, author, content, title) values (?, ?, ?, ?, ?)
Hibernate: select posts0_.id as id1_0_, posts0_.created_date as created_2_0_, posts0_.modified_date as modified3_0_, posts0_.author as author4_0_, posts0_.content as content5_0_, posts0_.title as title6_0_ from posts posts0_
Hibernate: select posts0_.id as id1_0_, posts0_.created_date as created_2_0_, posts0_.modified_date as modified3_0_, posts0_.author as author4_0_, posts0_.content as content5_0_, posts0_.title as title6_0_ from posts posts0_
Hibernate: delete from posts where id=?
Hibernate: insert into posts (created_date, modified_date, author, content, title) values (?, ?, ?, ?, ?)
Hibernate: select posts0_.id as id1_0_, posts0_.created_date as created_2_0_, posts0_.modified_date as modified3_0_, posts0_.author as author4_0_, posts0_.content as content5_0_, posts0_.title as title6_0_ from posts posts0_
<<<<<<< HEAD
>>>>>>>>> createDate=2022-02-17T20:43:41.446, modifiedDate=2022-02-17T20:43:41.446
=======
>>>>>>>>> createDate=2022-02-19T18:03:57.949, modifiedDate=2022-02-19T18:03:57.949
>>>>>>> 6114b79a43ed30990bd659d1f9e910a99de82874
Hibernate: select posts0_.id as id1_0_, posts0_.created_date as created_2_0_, posts0_.modified_date as modified3_0_, posts0_.author as author4_0_, posts0_.content as content5_0_, posts0_.title as title6_0_ from posts posts0_
Hibernate: delete from posts where id=?
]]></system-out>
  <system-err><![CDATA[]]></system-err>
</testsuite>
