<?xml version="1.0" encoding="UTF-8"?>
<testsuite name="com.jojoldu.book.springboot.web.ProfileControllerTest" tests="1" skipped="0" failures="0" errors="0" timestamp="2022-02-16T09:58:09" hostname="DESKTOP-PF9N4H3" time="0.035">
  <properties/>
  <testcase name="profile은_인증없이_호출된다" classname="com.jojoldu.book.springboot.web.ProfileControllerTest" time="0.035"/>
  <system-out><![CDATA[2022-02-16 18:58:09.428  INFO 17884 --- [    Test worker] .b.t.c.SpringBootTestContextBootstrapper : Neither @ContextConfiguration nor @ContextHierarchy found for test class [com.jojoldu.book.springboot.web.ProfileControllerTest], using SpringBootContextLoader
2022-02-16 18:58:09.437  INFO 17884 --- [    Test worker] o.s.t.c.support.AbstractContextLoader    : Could not detect default resource locations for test class [com.jojoldu.book.springboot.web.ProfileControllerTest]: no resource found for suffixes {-context.xml, Context.groovy}.
2022-02-16 18:58:09.437  INFO 17884 --- [    Test worker] t.c.s.AnnotationConfigContextLoaderUtils : Could not detect default configuration classes for test class [com.jojoldu.book.springboot.web.ProfileControllerTest]: ProfileControllerTest does not declare any static, non-private, non-final, nested classes annotated with @Configuration.
2022-02-16 18:58:09.439  INFO 17884 --- [    Test worker] .b.t.c.SpringBootTestContextBootstrapper : Found @SpringBootConfiguration com.jojoldu.book.springboot.Application for test class com.jojoldu.book.springboot.web.ProfileControllerTest
2022-02-16 18:58:09.470  INFO 17884 --- [    Test worker] .b.t.c.SpringBootTestContextBootstrapper : Loaded default TestExecutionListener class names from location [META-INF/spring.factories]: [org.springframework.security.test.context.support.WithSecurityContextTestExecutionListener, org.springframework.security.test.context.support.ReactorContextTestExecutionListener, org.springframework.boot.test.autoconfigure.restdocs.RestDocsTestExecutionListener, org.springframework.boot.test.autoconfigure.web.client.MockRestServiceServerResetTestExecutionListener, org.springframework.boot.test.autoconfigure.web.servlet.MockMvcPrintOnlyOnFailureTestExecutionListener, org.springframework.boot.test.autoconfigure.web.servlet.WebDriverTestExecutionListener, org.springframework.boot.test.mock.mockito.MockitoTestExecutionListener, org.springframework.boot.test.mock.mockito.ResetMocksTestExecutionListener, org.springframework.test.context.web.ServletTestExecutionListener, org.springframework.test.context.support.DirtiesContextBeforeModesTestExecutionListener, org.springframework.test.context.support.DependencyInjectionTestExecutionListener, org.springframework.test.context.support.DirtiesContextTestExecutionListener, org.springframework.test.context.transaction.TransactionalTestExecutionListener, org.springframework.test.context.jdbc.SqlScriptsTestExecutionListener]
2022-02-16 18:58:09.473  INFO 17884 --- [    Test worker] .b.t.c.SpringBootTestContextBootstrapper : Using TestExecutionListeners: [org.springframework.test.context.web.ServletTestExecutionListener@4e4c5014, org.springframework.test.context.support.DirtiesContextBeforeModesTestExecutionListener@431d292e, org.springframework.boot.test.mock.mockito.MockitoTestExecutionListener@6384d438, org.springframework.boot.test.autoconfigure.SpringBootDependencyInjectionTestExecutionListener@473fa232, org.springframework.test.context.support.DirtiesContextTestExecutionListener@6b5f8631, org.springframework.test.context.transaction.TransactionalTestExecutionListener@4121862d, org.springframework.test.context.jdbc.SqlScriptsTestExecutionListener@441bf25, org.springframework.security.test.context.support.WithSecurityContextTestExecutionListener@3e55a3ad, org.springframework.security.test.context.support.ReactorContextTestExecutionListener@29acc458, org.springframework.boot.test.autoconfigure.restdocs.RestDocsTestExecutionListener@64f12fae, org.springframework.boot.test.autoconfigure.web.client.MockRestServiceServerResetTestExecutionListener@6d401c82, org.springframework.boot.test.autoconfigure.web.servlet.MockMvcPrintOnlyOnFailureTestExecutionListener@7e9b824c, org.springframework.boot.test.autoconfigure.web.servlet.WebDriverTestExecutionListener@31da07c3, org.springframework.boot.test.mock.mockito.ResetMocksTestExecutionListener@5c3bc209]
]]></system-out>
  <system-err><![CDATA[]]></system-err>
</testsuite>
