<?xml version="1.0" encoding="UTF-8"?>
<testsuite name="com.jojoldu.book.springboot.web.ProfileControllerTest" tests="1" skipped="0" failures="0" errors="0" timestamp="2022-10-09T02:00:47" hostname="ip-172-31-86-214.ec2.internal" time="0.028">
  <properties/>
  <testcase name="profile은_인증없이_호출된다" classname="com.jojoldu.book.springboot.web.ProfileControllerTest" time="0.028"/>
  <system-out><![CDATA[2022-10-09 11:00:47.433  INFO 16614 --- [    Test worker] .b.t.c.SpringBootTestContextBootstrapper : Neither @ContextConfiguration nor @ContextHierarchy found for test class [com.jojoldu.book.springboot.web.ProfileControllerTest], using SpringBootContextLoader
2022-10-09 11:00:47.434  INFO 16614 --- [    Test worker] o.s.t.c.support.AbstractContextLoader    : Could not detect default resource locations for test class [com.jojoldu.book.springboot.web.ProfileControllerTest]: no resource found for suffixes {-context.xml, Context.groovy}.
2022-10-09 11:00:47.434  INFO 16614 --- [    Test worker] t.c.s.AnnotationConfigContextLoaderUtils : Could not detect default configuration classes for test class [com.jojoldu.book.springboot.web.ProfileControllerTest]: ProfileControllerTest does not declare any static, non-private, non-final, nested classes annotated with @Configuration.
2022-10-09 11:00:47.437  INFO 16614 --- [    Test worker] .b.t.c.SpringBootTestContextBootstrapper : Found @SpringBootConfiguration com.jojoldu.book.springboot.Application for test class com.jojoldu.book.springboot.web.ProfileControllerTest
2022-10-09 11:00:47.439  INFO 16614 --- [    Test worker] .b.t.c.SpringBootTestContextBootstrapper : Loaded default TestExecutionListener class names from location [META-INF/spring.factories]: [org.springframework.security.test.context.support.WithSecurityContextTestExecutionListener, org.springframework.security.test.context.support.ReactorContextTestExecutionListener, org.springframework.boot.test.autoconfigure.restdocs.RestDocsTestExecutionListener, org.springframework.boot.test.autoconfigure.web.client.MockRestServiceServerResetTestExecutionListener, org.springframework.boot.test.autoconfigure.web.servlet.MockMvcPrintOnlyOnFailureTestExecutionListener, org.springframework.boot.test.autoconfigure.web.servlet.WebDriverTestExecutionListener, org.springframework.boot.test.mock.mockito.MockitoTestExecutionListener, org.springframework.boot.test.mock.mockito.ResetMocksTestExecutionListener, org.springframework.test.context.web.ServletTestExecutionListener, org.springframework.test.context.support.DirtiesContextBeforeModesTestExecutionListener, org.springframework.test.context.support.DependencyInjectionTestExecutionListener, org.springframework.test.context.support.DirtiesContextTestExecutionListener, org.springframework.test.context.transaction.TransactionalTestExecutionListener, org.springframework.test.context.jdbc.SqlScriptsTestExecutionListener]
2022-10-09 11:00:47.443  INFO 16614 --- [    Test worker] .b.t.c.SpringBootTestContextBootstrapper : Using TestExecutionListeners: [org.springframework.test.context.web.ServletTestExecutionListener@72743faf, org.springframework.test.context.support.DirtiesContextBeforeModesTestExecutionListener@6913dc5c, org.springframework.boot.test.mock.mockito.MockitoTestExecutionListener@203e7b82, org.springframework.boot.test.autoconfigure.SpringBootDependencyInjectionTestExecutionListener@5b61e310, org.springframework.test.context.support.DirtiesContextTestExecutionListener@8bb3694, org.springframework.test.context.transaction.TransactionalTestExecutionListener@7f3deae3, org.springframework.test.context.jdbc.SqlScriptsTestExecutionListener@2c0c7ced, org.springframework.security.test.context.support.WithSecurityContextTestExecutionListener@78a1631f, org.springframework.security.test.context.support.ReactorContextTestExecutionListener@29ffe509, org.springframework.boot.test.autoconfigure.restdocs.RestDocsTestExecutionListener@39856827, org.springframework.boot.test.autoconfigure.web.client.MockRestServiceServerResetTestExecutionListener@762180ee, org.springframework.boot.test.autoconfigure.web.servlet.MockMvcPrintOnlyOnFailureTestExecutionListener@56bbcae, org.springframework.boot.test.autoconfigure.web.servlet.WebDriverTestExecutionListener@53eac6a7, org.springframework.boot.test.mock.mockito.ResetMocksTestExecutionListener@41bc58ad]
]]></system-out>
  <system-err><![CDATA[]]></system-err>
</testsuite>
