<?xml version="1.0" encoding="UTF-8"?>
<testsuite name="com.jojoldu.book.springboot.web.LoginControllerTest" tests="3" skipped="0" failures="0" errors="0" timestamp="2022-10-02T06:11:38" hostname="ip-172-31-86-214.ec2.internal" time="0.065">
  <properties/>
  <testcase name="PostRepository_기능테스트" classname="com.jojoldu.book.springboot.web.LoginControllerTest" time="0.023"/>
  <testcase name="메인페이지_로딩" classname="com.jojoldu.book.springboot.web.LoginControllerTest" time="0.025"/>
  <testcase name="UserRepository_기능테스트" classname="com.jojoldu.book.springboot.web.LoginControllerTest" time="0.015"/>
  <system-out><![CDATA[2022-10-02 15:11:38.226  INFO 14082 --- [    Test worker] .b.t.c.SpringBootTestContextBootstrapper : Neither @ContextConfiguration nor @ContextHierarchy found for test class [com.jojoldu.book.springboot.web.LoginControllerTest], using SpringBootContextLoader
2022-10-02 15:11:38.227  INFO 14082 --- [    Test worker] o.s.t.c.support.AbstractContextLoader    : Could not detect default resource locations for test class [com.jojoldu.book.springboot.web.LoginControllerTest]: no resource found for suffixes {-context.xml, Context.groovy}.
2022-10-02 15:11:38.228  INFO 14082 --- [    Test worker] t.c.s.AnnotationConfigContextLoaderUtils : Could not detect default configuration classes for test class [com.jojoldu.book.springboot.web.LoginControllerTest]: LoginControllerTest does not declare any static, non-private, non-final, nested classes annotated with @Configuration.
2022-10-02 15:11:38.232  INFO 14082 --- [    Test worker] .b.t.c.SpringBootTestContextBootstrapper : Found @SpringBootConfiguration com.jojoldu.book.springboot.Application for test class com.jojoldu.book.springboot.web.LoginControllerTest
2022-10-02 15:11:38.233  INFO 14082 --- [    Test worker] .b.t.c.SpringBootTestContextBootstrapper : Loaded default TestExecutionListener class names from location [META-INF/spring.factories]: [org.springframework.security.test.context.support.WithSecurityContextTestExecutionListener, org.springframework.security.test.context.support.ReactorContextTestExecutionListener, org.springframework.boot.test.autoconfigure.restdocs.RestDocsTestExecutionListener, org.springframework.boot.test.autoconfigure.web.client.MockRestServiceServerResetTestExecutionListener, org.springframework.boot.test.autoconfigure.web.servlet.MockMvcPrintOnlyOnFailureTestExecutionListener, org.springframework.boot.test.autoconfigure.web.servlet.WebDriverTestExecutionListener, org.springframework.boot.test.mock.mockito.MockitoTestExecutionListener, org.springframework.boot.test.mock.mockito.ResetMocksTestExecutionListener, org.springframework.test.context.web.ServletTestExecutionListener, org.springframework.test.context.support.DirtiesContextBeforeModesTestExecutionListener, org.springframework.test.context.support.DependencyInjectionTestExecutionListener, org.springframework.test.context.support.DirtiesContextTestExecutionListener, org.springframework.test.context.transaction.TransactionalTestExecutionListener, org.springframework.test.context.jdbc.SqlScriptsTestExecutionListener]
2022-10-02 15:11:38.234  INFO 14082 --- [    Test worker] .b.t.c.SpringBootTestContextBootstrapper : Using TestExecutionListeners: [org.springframework.test.context.web.ServletTestExecutionListener@14aec3d7, org.springframework.test.context.support.DirtiesContextBeforeModesTestExecutionListener@520bf28d, org.springframework.boot.test.mock.mockito.MockitoTestExecutionListener@5a336c83, org.springframework.boot.test.autoconfigure.SpringBootDependencyInjectionTestExecutionListener@51be4255, org.springframework.test.context.support.DirtiesContextTestExecutionListener@336c83ce, org.springframework.test.context.transaction.TransactionalTestExecutionListener@3e7e80b4, org.springframework.test.context.jdbc.SqlScriptsTestExecutionListener@7f68b48c, org.springframework.security.test.context.support.WithSecurityContextTestExecutionListener@5c67edde, org.springframework.security.test.context.support.ReactorContextTestExecutionListener@b42676f, org.springframework.boot.test.autoconfigure.restdocs.RestDocsTestExecutionListener@41733d93, org.springframework.boot.test.autoconfigure.web.client.MockRestServiceServerResetTestExecutionListener@7b052de5, org.springframework.boot.test.autoconfigure.web.servlet.MockMvcPrintOnlyOnFailureTestExecutionListener@186f2646, org.springframework.boot.test.autoconfigure.web.servlet.WebDriverTestExecutionListener@e533b, org.springframework.boot.test.mock.mockito.ResetMocksTestExecutionListener@5849790c]
Hibernate: select posts0_.id as id1_0_, posts0_.created_date as created_2_0_, posts0_.modified_date as modified3_0_, posts0_.author as author4_0_, posts0_.content as content5_0_, posts0_.title as title6_0_ from posts posts0_
Hibernate: select posts0_.id as id1_0_, posts0_.created_date as created_2_0_, posts0_.modified_date as modified3_0_, posts0_.author as author4_0_, posts0_.content as content5_0_, posts0_.title as title6_0_ from posts posts0_ order by posts0_.id DESC
user is null
Hibernate: select user0_.id as id1_1_, user0_.created_date as created_2_1_, user0_.modified_date as modified3_1_, user0_.email as email4_1_, user0_.name as name5_1_, user0_.picture as picture6_1_, user0_.role as role7_1_ from user user0_
]]></system-out>
  <system-err><![CDATA[]]></system-err>
</testsuite>
