<?xml version="1.0" encoding="UTF-8"?>
<testsuite name="com.jojoldu.book.springboot.PostsRepositoryTest" tests="2" skipped="0" failures="0" errors="0" timestamp="2022-09-18T08:39:26" hostname="ip-172-31-94-73.ec2.internal" time="0.564">
  <properties/>
  <testcase name="게시글저장_불러오기" classname="com.jojoldu.book.springboot.PostsRepositoryTest" time="0.53"/>
  <testcase name="BaseTimeEntity_등록" classname="com.jojoldu.book.springboot.PostsRepositoryTest" time="0.028"/>
  <system-out><![CDATA[17:39:10.225 [Test worker] DEBUG org.springframework.test.context.junit4.SpringJUnit4ClassRunner - SpringJUnit4ClassRunner constructor called with [class com.jojoldu.book.springboot.PostsRepositoryTest]
17:39:10.241 [Test worker] DEBUG org.springframework.test.context.BootstrapUtils - Instantiating CacheAwareContextLoaderDelegate from class [org.springframework.test.context.cache.DefaultCacheAwareContextLoaderDelegate]
17:39:10.256 [Test worker] DEBUG org.springframework.test.context.BootstrapUtils - Instantiating BootstrapContext using constructor [public org.springframework.test.context.support.DefaultBootstrapContext(java.lang.Class,org.springframework.test.context.CacheAwareContextLoaderDelegate)]
17:39:10.288 [Test worker] DEBUG org.springframework.test.context.BootstrapUtils - Instantiating TestContextBootstrapper for test class [com.jojoldu.book.springboot.PostsRepositoryTest] from class [org.springframework.boot.test.context.SpringBootTestContextBootstrapper]
17:39:10.305 [Test worker] INFO org.springframework.boot.test.context.SpringBootTestContextBootstrapper - Neither @ContextConfiguration nor @ContextHierarchy found for test class [com.jojoldu.book.springboot.PostsRepositoryTest], using SpringBootContextLoader
17:39:10.309 [Test worker] DEBUG org.springframework.test.context.support.AbstractContextLoader - Did not detect default resource location for test class [com.jojoldu.book.springboot.PostsRepositoryTest]: class path resource [com/jojoldu/book/springboot/PostsRepositoryTest-context.xml] does not exist
17:39:10.310 [Test worker] DEBUG org.springframework.test.context.support.AbstractContextLoader - Did not detect default resource location for test class [com.jojoldu.book.springboot.PostsRepositoryTest]: class path resource [com/jojoldu/book/springboot/PostsRepositoryTestContext.groovy] does not exist
17:39:10.310 [Test worker] INFO org.springframework.test.context.support.AbstractContextLoader - Could not detect default resource locations for test class [com.jojoldu.book.springboot.PostsRepositoryTest]: no resource found for suffixes {-context.xml, Context.groovy}.
17:39:10.312 [Test worker] INFO org.springframework.test.context.support.AnnotationConfigContextLoaderUtils - Could not detect default configuration classes for test class [com.jojoldu.book.springboot.PostsRepositoryTest]: PostsRepositoryTest does not declare any static, non-private, non-final, nested classes annotated with @Configuration.
17:39:10.406 [Test worker] DEBUG org.springframework.test.context.support.ActiveProfilesUtils - Could not find an 'annotation declaring class' for annotation type [org.springframework.test.context.ActiveProfiles] and class [com.jojoldu.book.springboot.PostsRepositoryTest]
17:39:10.559 [Test worker] DEBUG org.springframework.context.annotation.ClassPathScanningCandidateComponentProvider - Identified candidate component class: file [/home/ec2-user/app/step1/freelec-springboot2_1-webservice/build/classes/java/main/com/jojoldu/book/springboot/Application.class]
17:39:10.562 [Test worker] INFO org.springframework.boot.test.context.SpringBootTestContextBootstrapper - Found @SpringBootConfiguration com.jojoldu.book.springboot.Application for test class com.jojoldu.book.springboot.PostsRepositoryTest
17:39:10.762 [Test worker] DEBUG org.springframework.boot.test.context.SpringBootTestContextBootstrapper - @TestExecutionListeners is not present for class [com.jojoldu.book.springboot.PostsRepositoryTest]: using defaults.
17:39:10.765 [Test worker] INFO org.springframework.boot.test.context.SpringBootTestContextBootstrapper - Loaded default TestExecutionListener class names from location [META-INF/spring.factories]: [org.springframework.security.test.context.support.WithSecurityContextTestExecutionListener, org.springframework.security.test.context.support.ReactorContextTestExecutionListener, org.springframework.boot.test.autoconfigure.restdocs.RestDocsTestExecutionListener, org.springframework.boot.test.autoconfigure.web.client.MockRestServiceServerResetTestExecutionListener, org.springframework.boot.test.autoconfigure.web.servlet.MockMvcPrintOnlyOnFailureTestExecutionListener, org.springframework.boot.test.autoconfigure.web.servlet.WebDriverTestExecutionListener, org.springframework.boot.test.mock.mockito.MockitoTestExecutionListener, org.springframework.boot.test.mock.mockito.ResetMocksTestExecutionListener, org.springframework.test.context.web.ServletTestExecutionListener, org.springframework.test.context.support.DirtiesContextBeforeModesTestExecutionListener, org.springframework.test.context.support.DependencyInjectionTestExecutionListener, org.springframework.test.context.support.DirtiesContextTestExecutionListener, org.springframework.test.context.transaction.TransactionalTestExecutionListener, org.springframework.test.context.jdbc.SqlScriptsTestExecutionListener]
17:39:10.811 [Test worker] INFO org.springframework.boot.test.context.SpringBootTestContextBootstrapper - Using TestExecutionListeners: [org.springframework.test.context.web.ServletTestExecutionListener@1868ddd0, org.springframework.test.context.support.DirtiesContextBeforeModesTestExecutionListener@37ca5fb0, org.springframework.boot.test.mock.mockito.MockitoTestExecutionListener@739dd165, org.springframework.boot.test.autoconfigure.SpringBootDependencyInjectionTestExecutionListener@30525fd0, org.springframework.test.context.support.DirtiesContextTestExecutionListener@6e8a9257, org.springframework.test.context.transaction.TransactionalTestExecutionListener@b5867e9, org.springframework.test.context.jdbc.SqlScriptsTestExecutionListener@1653891e, org.springframework.security.test.context.support.WithSecurityContextTestExecutionListener@34ddf8db, org.springframework.security.test.context.support.ReactorContextTestExecutionListener@e7fcc3d, org.springframework.boot.test.autoconfigure.restdocs.RestDocsTestExecutionListener@46d09534, org.springframework.boot.test.autoconfigure.web.client.MockRestServiceServerResetTestExecutionListener@4c41ff89, org.springframework.boot.test.autoconfigure.web.servlet.MockMvcPrintOnlyOnFailureTestExecutionListener@1781ddfa, org.springframework.boot.test.autoconfigure.web.servlet.WebDriverTestExecutionListener@67efe513, org.springframework.boot.test.mock.mockito.ResetMocksTestExecutionListener@2554a5ef]
17:39:10.815 [Test worker] DEBUG org.springframework.test.annotation.ProfileValueUtils - Retrieved @ProfileValueSourceConfiguration [null] for test class [com.jojoldu.book.springboot.PostsRepositoryTest]
17:39:10.817 [Test worker] DEBUG org.springframework.test.annotation.ProfileValueUtils - Retrieved ProfileValueSource type [class org.springframework.test.annotation.SystemProfileValueSource] for class [com.jojoldu.book.springboot.PostsRepositoryTest]
17:39:10.817 [Test worker] DEBUG org.springframework.test.annotation.ProfileValueUtils - Retrieved @ProfileValueSourceConfiguration [null] for test class [com.jojoldu.book.springboot.PostsRepositoryTest]
17:39:10.818 [Test worker] DEBUG org.springframework.test.annotation.ProfileValueUtils - Retrieved ProfileValueSource type [class org.springframework.test.annotation.SystemProfileValueSource] for class [com.jojoldu.book.springboot.PostsRepositoryTest]
17:39:10.828 [Test worker] DEBUG org.springframework.test.context.support.AbstractDirtiesContextTestExecutionListener - Before test class: context [DefaultTestContext@1f1e239d testClass = PostsRepositoryTest, testInstance = [null], testMethod = [null], testException = [null], mergedContextConfiguration = [WebMergedContextConfiguration@3a9bc4ef testClass = PostsRepositoryTest, locations = '{}', classes = '{class com.jojoldu.book.springboot.Application}', contextInitializerClasses = '[]', activeProfiles = '{}', propertySourceLocations = '{}', propertySourceProperties = '{org.springframework.boot.test.context.SpringBootTestContextBootstrapper=true}', contextCustomizers = set[org.springframework.boot.test.autoconfigure.properties.PropertyMappingContextCustomizer@0, org.springframework.boot.test.autoconfigure.web.servlet.WebDriverContextCustomizerFactory$Customizer@17f5f03c, org.springframework.boot.test.context.filter.ExcludeFilterContextCustomizer@6e387b89, org.springframework.boot.test.json.DuplicateJsonObjectContextCustomizerFactory$DuplicateJsonObjectContextCustomizer@247f333d, org.springframework.boot.test.mock.mockito.MockitoContextCustomizer@0, org.springframework.boot.test.web.client.TestRestTemplateContextCustomizer@19b96cee], resourceBasePath = 'src/main/webapp', contextLoader = 'org.springframework.boot.test.context.SpringBootContextLoader', parent = [null]], attributes = map['org.springframework.test.context.web.ServletTestExecutionListener.activateListener' -> true]], class annotated with @DirtiesContext [false] with mode [null].
17:39:10.833 [Test worker] DEBUG org.springframework.test.annotation.ProfileValueUtils - Retrieved @ProfileValueSourceConfiguration [null] for test class [com.jojoldu.book.springboot.PostsRepositoryTest]
17:39:10.833 [Test worker] DEBUG org.springframework.test.annotation.ProfileValueUtils - Retrieved ProfileValueSource type [class org.springframework.test.annotation.SystemProfileValueSource] for class [com.jojoldu.book.springboot.PostsRepositoryTest]
17:39:10.884 [Test worker] DEBUG org.springframework.test.context.support.TestPropertySourceUtils - Adding inlined properties to environment: {spring.jmx.enabled=false, org.springframework.boot.test.context.SpringBootTestContextBootstrapper=true, server.port=-1}

  .   ____          _            __ _ _
 /\\ / ___'_ __ _ _(_)_ __  __ _ \ \ \ \
( ( )\___ | '_ | '_| | '_ \/ _` | \ \ \ \
 \\/  ___)| |_)| | | | | || (_| |  ) ) ) )
  '  |____| .__|_| |_|_| |_\__, | / / / /
 =========|_|==============|___/=/_/_/_/
 :: Spring Boot ::        (v2.1.7.RELEASE)

2022-09-18 17:39:11.596  INFO 8527 --- [    Test worker] c.j.book.springboot.PostsRepositoryTest  : Starting PostsRepositoryTest on ip-172-31-94-73.ec2.internal with PID 8527 (started by ec2-user in /home/ec2-user/app/step1/freelec-springboot2_1-webservice)
2022-09-18 17:39:11.601  INFO 8527 --- [    Test worker] c.j.book.springboot.PostsRepositoryTest  : No active profile set, falling back to default profiles: default
2022-09-18 17:39:14.830  INFO 8527 --- [    Test worker] .s.d.r.c.RepositoryConfigurationDelegate : Bootstrapping Spring Data repositories in DEFAULT mode.
2022-09-18 17:39:15.040  INFO 8527 --- [    Test worker] .s.d.r.c.RepositoryConfigurationDelegate : Finished Spring Data repository scanning in 183ms. Found 2 repository interfaces.
2022-09-18 17:39:16.310  INFO 8527 --- [    Test worker] trationDelegate$BeanPostProcessorChecker : Bean 'org.springframework.transaction.annotation.ProxyTransactionManagementConfiguration' of type [org.springframework.transaction.annotation.ProxyTransactionManagementConfiguration$$EnhancerBySpringCGLIB$$ae9e55cd] is not eligible for getting processed by all BeanPostProcessors (for example: not eligible for auto-proxying)
2022-09-18 17:39:16.809  INFO 8527 --- [    Test worker] com.zaxxer.hikari.HikariDataSource       : HikariPool-1 - Starting...
2022-09-18 17:39:17.229  INFO 8527 --- [    Test worker] com.zaxxer.hikari.HikariDataSource       : HikariPool-1 - Start completed.
2022-09-18 17:39:17.507  INFO 8527 --- [    Test worker] o.hibernate.jpa.internal.util.LogHelper  : HHH000204: Processing PersistenceUnitInfo [
	name: default
	...]
2022-09-18 17:39:17.635  INFO 8527 --- [    Test worker] org.hibernate.Version                    : HHH000412: Hibernate Core {5.3.10.Final}
2022-09-18 17:39:17.763  INFO 8527 --- [    Test worker] org.hibernate.cfg.Environment            : HHH000206: hibernate.properties not found
2022-09-18 17:39:18.208  INFO 8527 --- [    Test worker] o.hibernate.annotations.common.Version   : HCANN000001: Hibernate Commons Annotations {5.0.4.Final}
2022-09-18 17:39:18.659  INFO 8527 --- [    Test worker] org.hibernate.dialect.Dialect            : HHH000400: Using dialect: org.hibernate.dialect.MySQL5InnoDBDialect
Hibernate: drop table if exists posts
Hibernate: drop table if exists user
Hibernate: create table posts (id bigint not null auto_increment, created_date datetime, modified_date datetime, author varchar(255), content TEXT not null, title varchar(500) not null, primary key (id)) engine=InnoDB
Hibernate: create table user (id bigint not null auto_increment, created_date datetime, modified_date datetime, email varchar(255) not null, name varchar(255) not null, picture varchar(255), role varchar(255) not null, primary key (id)) engine=InnoDB
2022-09-18 17:39:20.554  INFO 8527 --- [    Test worker] o.h.t.schema.internal.SchemaCreatorImpl  : HHH000476: Executing import script 'org.hibernate.tool.schema.internal.exec.ScriptSourceInputNonExistentImpl@5242085d'
2022-09-18 17:39:20.563  INFO 8527 --- [    Test worker] j.LocalContainerEntityManagerFactoryBean : Initialized JPA EntityManagerFactory for persistence unit 'default'
2022-09-18 17:39:22.007  INFO 8527 --- [    Test worker] o.h.h.i.QueryTranslatorFactoryInitiator  : HHH000397: Using ASTQueryTranslatorFactory
2022-09-18 17:39:23.309  INFO 8527 --- [    Test worker] o.s.s.web.DefaultSecurityFilterChain     : Creating filter chain: any request, [org.springframework.security.web.context.request.async.WebAsyncManagerIntegrationFilter@431884f2, org.springframework.security.web.context.SecurityContextPersistenceFilter@c5182ba, org.springframework.security.web.header.HeaderWriterFilter@41082920, org.springframework.security.web.authentication.logout.LogoutFilter@668d7698, org.springframework.security.oauth2.client.web.OAuth2AuthorizationRequestRedirectFilter@69d2bcf3, org.springframework.security.oauth2.client.web.OAuth2LoginAuthenticationFilter@2f7fffb6, org.springframework.security.web.authentication.ui.DefaultLoginPageGeneratingFilter@3aba876b, org.springframework.security.web.authentication.ui.DefaultLogoutPageGeneratingFilter@20e4adcf, org.springframework.security.web.savedrequest.RequestCacheAwareFilter@698600bc, org.springframework.security.web.servletapi.SecurityContextHolderAwareRequestFilter@75b2d9db, org.springframework.security.web.authentication.AnonymousAuthenticationFilter@dee2610, org.springframework.security.web.session.SessionManagementFilter@2e8c452b, org.springframework.security.web.access.ExceptionTranslationFilter@7a4c124a, org.springframework.security.web.access.intercept.FilterSecurityInterceptor@6dd1a430]
2022-09-18 17:39:24.984  INFO 8527 --- [    Test worker] o.s.s.concurrent.ThreadPoolTaskExecutor  : Initializing ExecutorService 'applicationTaskExecutor'
2022-09-18 17:39:25.110  WARN 8527 --- [    Test worker] aWebConfiguration$JpaWebMvcConfiguration : spring.jpa.open-in-view is enabled by default. Therefore, database queries may be performed during view rendering. Explicitly configure spring.jpa.open-in-view to disable this warning
2022-09-18 17:39:25.237  INFO 8527 --- [    Test worker] o.s.b.a.w.s.WelcomePageHandlerMapping    : Adding welcome page template: index
2022-09-18 17:39:26.417  INFO 8527 --- [    Test worker] s.a.ScheduledAnnotationBeanPostProcessor : No TaskScheduler/ScheduledExecutorService bean found for scheduled processing
2022-09-18 17:39:26.438  INFO 8527 --- [    Test worker] c.j.book.springboot.PostsRepositoryTest  : Started PostsRepositoryTest in 15.537 seconds (JVM running for 17.488)
Hibernate: insert into posts (created_date, modified_date, author, content, title) values (?, ?, ?, ?, ?)
Hibernate: select posts0_.id as id1_0_, posts0_.created_date as created_2_0_, posts0_.modified_date as modified3_0_, posts0_.author as author4_0_, posts0_.content as content5_0_, posts0_.title as title6_0_ from posts posts0_
Hibernate: select posts0_.id as id1_0_, posts0_.created_date as created_2_0_, posts0_.modified_date as modified3_0_, posts0_.author as author4_0_, posts0_.content as content5_0_, posts0_.title as title6_0_ from posts posts0_
Hibernate: delete from posts where id=?
Hibernate: insert into posts (created_date, modified_date, author, content, title) values (?, ?, ?, ?, ?)
Hibernate: select posts0_.id as id1_0_, posts0_.created_date as created_2_0_, posts0_.modified_date as modified3_0_, posts0_.author as author4_0_, posts0_.content as content5_0_, posts0_.title as title6_0_ from posts posts0_
>>>>>>>> createDate=2022-09-18T17:39:27.020, modifiedDate=2022-09-18T17:39:27.020
Hibernate: select posts0_.id as id1_0_, posts0_.created_date as created_2_0_, posts0_.modified_date as modified3_0_, posts0_.author as author4_0_, posts0_.content as content5_0_, posts0_.title as title6_0_ from posts posts0_
Hibernate: delete from posts where id=?
]]></system-out>
  <system-err><![CDATA[]]></system-err>
</testsuite>
