<?xml version="1.0" encoding="UTF-8"?>
<testsuite name="com.jojoldu.book.springboot.PostsRepositoryTest" tests="2" skipped="0" failures="0" errors="0" timestamp="2022-02-17T11:43:40" hostname="ip-172-31-12-162.ap-northeast-2.compute.internal" time="0.576">
  <properties/>
  <testcase name="게시글저장_불러오기" classname="com.jojoldu.book.springboot.PostsRepositoryTest" time="0.546"/>
  <testcase name="BaseTimeEntity_등록" classname="com.jojoldu.book.springboot.PostsRepositoryTest" time="0.026"/>
  <system-out><![CDATA[20:43:25.180 [Test worker] DEBUG org.springframework.test.context.junit4.SpringJUnit4ClassRunner - SpringJUnit4ClassRunner constructor called with [class com.jojoldu.book.springboot.PostsRepositoryTest]
20:43:25.202 [Test worker] DEBUG org.springframework.test.context.BootstrapUtils - Instantiating CacheAwareContextLoaderDelegate from class [org.springframework.test.context.cache.DefaultCacheAwareContextLoaderDelegate]
20:43:25.228 [Test worker] DEBUG org.springframework.test.context.BootstrapUtils - Instantiating BootstrapContext using constructor [public org.springframework.test.context.support.DefaultBootstrapContext(java.lang.Class,org.springframework.test.context.CacheAwareContextLoaderDelegate)]
20:43:25.284 [Test worker] DEBUG org.springframework.test.context.BootstrapUtils - Instantiating TestContextBootstrapper for test class [com.jojoldu.book.springboot.PostsRepositoryTest] from class [org.springframework.boot.test.context.SpringBootTestContextBootstrapper]
20:43:25.311 [Test worker] INFO org.springframework.boot.test.context.SpringBootTestContextBootstrapper - Neither @ContextConfiguration nor @ContextHierarchy found for test class [com.jojoldu.book.springboot.PostsRepositoryTest], using SpringBootContextLoader
20:43:25.319 [Test worker] DEBUG org.springframework.test.context.support.AbstractContextLoader - Did not detect default resource location for test class [com.jojoldu.book.springboot.PostsRepositoryTest]: class path resource [com/jojoldu/book/springboot/PostsRepositoryTest-context.xml] does not exist
20:43:25.320 [Test worker] DEBUG org.springframework.test.context.support.AbstractContextLoader - Did not detect default resource location for test class [com.jojoldu.book.springboot.PostsRepositoryTest]: class path resource [com/jojoldu/book/springboot/PostsRepositoryTestContext.groovy] does not exist
20:43:25.321 [Test worker] INFO org.springframework.test.context.support.AbstractContextLoader - Could not detect default resource locations for test class [com.jojoldu.book.springboot.PostsRepositoryTest]: no resource found for suffixes {-context.xml, Context.groovy}.
20:43:25.324 [Test worker] INFO org.springframework.test.context.support.AnnotationConfigContextLoaderUtils - Could not detect default configuration classes for test class [com.jojoldu.book.springboot.PostsRepositoryTest]: PostsRepositoryTest does not declare any static, non-private, non-final, nested classes annotated with @Configuration.
20:43:25.464 [Test worker] DEBUG org.springframework.test.context.support.ActiveProfilesUtils - Could not find an 'annotation declaring class' for annotation type [org.springframework.test.context.ActiveProfiles] and class [com.jojoldu.book.springboot.PostsRepositoryTest]
20:43:25.663 [Test worker] DEBUG org.springframework.context.annotation.ClassPathScanningCandidateComponentProvider - Identified candidate component class: file [/home/ec2-user/app/step1/freelec-springboot2_1-webservice/build/classes/java/main/com/jojoldu/book/springboot/Application.class]
20:43:25.665 [Test worker] INFO org.springframework.boot.test.context.SpringBootTestContextBootstrapper - Found @SpringBootConfiguration com.jojoldu.book.springboot.Application for test class com.jojoldu.book.springboot.PostsRepositoryTest
20:43:25.984 [Test worker] DEBUG org.springframework.boot.test.context.SpringBootTestContextBootstrapper - @TestExecutionListeners is not present for class [com.jojoldu.book.springboot.PostsRepositoryTest]: using defaults.
20:43:25.985 [Test worker] INFO org.springframework.boot.test.context.SpringBootTestContextBootstrapper - Loaded default TestExecutionListener class names from location [META-INF/spring.factories]: [org.springframework.security.test.context.support.WithSecurityContextTestExecutionListener, org.springframework.security.test.context.support.ReactorContextTestExecutionListener, org.springframework.boot.test.autoconfigure.restdocs.RestDocsTestExecutionListener, org.springframework.boot.test.autoconfigure.web.client.MockRestServiceServerResetTestExecutionListener, org.springframework.boot.test.autoconfigure.web.servlet.MockMvcPrintOnlyOnFailureTestExecutionListener, org.springframework.boot.test.autoconfigure.web.servlet.WebDriverTestExecutionListener, org.springframework.boot.test.mock.mockito.MockitoTestExecutionListener, org.springframework.boot.test.mock.mockito.ResetMocksTestExecutionListener, org.springframework.test.context.web.ServletTestExecutionListener, org.springframework.test.context.support.DirtiesContextBeforeModesTestExecutionListener, org.springframework.test.context.support.DependencyInjectionTestExecutionListener, org.springframework.test.context.support.DirtiesContextTestExecutionListener, org.springframework.test.context.transaction.TransactionalTestExecutionListener, org.springframework.test.context.jdbc.SqlScriptsTestExecutionListener]
20:43:26.053 [Test worker] INFO org.springframework.boot.test.context.SpringBootTestContextBootstrapper - Using TestExecutionListeners: [org.springframework.test.context.web.ServletTestExecutionListener@387b0b4a, org.springframework.test.context.support.DirtiesContextBeforeModesTestExecutionListener@6c04a8a9, org.springframework.boot.test.mock.mockito.MockitoTestExecutionListener@65376fe4, org.springframework.boot.test.autoconfigure.SpringBootDependencyInjectionTestExecutionListener@69380362, org.springframework.test.context.support.DirtiesContextTestExecutionListener@9797454, org.springframework.test.context.transaction.TransactionalTestExecutionListener@40f1d432, org.springframework.test.context.jdbc.SqlScriptsTestExecutionListener@1ee7cb87, org.springframework.security.test.context.support.WithSecurityContextTestExecutionListener@376de82a, org.springframework.security.test.context.support.ReactorContextTestExecutionListener@7574e147, org.springframework.boot.test.autoconfigure.restdocs.RestDocsTestExecutionListener@3b6aeb9f, org.springframework.boot.test.autoconfigure.web.client.MockRestServiceServerResetTestExecutionListener@1b71b486, org.springframework.boot.test.autoconfigure.web.servlet.MockMvcPrintOnlyOnFailureTestExecutionListener@4305237a, org.springframework.boot.test.autoconfigure.web.servlet.WebDriverTestExecutionListener@11298c84, org.springframework.boot.test.mock.mockito.ResetMocksTestExecutionListener@7df3ab2d]
20:43:26.060 [Test worker] DEBUG org.springframework.test.annotation.ProfileValueUtils - Retrieved @ProfileValueSourceConfiguration [null] for test class [com.jojoldu.book.springboot.PostsRepositoryTest]
20:43:26.065 [Test worker] DEBUG org.springframework.test.annotation.ProfileValueUtils - Retrieved ProfileValueSource type [class org.springframework.test.annotation.SystemProfileValueSource] for class [com.jojoldu.book.springboot.PostsRepositoryTest]
20:43:26.069 [Test worker] DEBUG org.springframework.test.annotation.ProfileValueUtils - Retrieved @ProfileValueSourceConfiguration [null] for test class [com.jojoldu.book.springboot.PostsRepositoryTest]
20:43:26.069 [Test worker] DEBUG org.springframework.test.annotation.ProfileValueUtils - Retrieved ProfileValueSource type [class org.springframework.test.annotation.SystemProfileValueSource] for class [com.jojoldu.book.springboot.PostsRepositoryTest]
20:43:26.079 [Test worker] DEBUG org.springframework.test.context.support.AbstractDirtiesContextTestExecutionListener - Before test class: context [DefaultTestContext@66559ae1 testClass = PostsRepositoryTest, testInstance = [null], testMethod = [null], testException = [null], mergedContextConfiguration = [WebMergedContextConfiguration@4082ebd7 testClass = PostsRepositoryTest, locations = '{}', classes = '{class com.jojoldu.book.springboot.Application}', contextInitializerClasses = '[]', activeProfiles = '{}', propertySourceLocations = '{}', propertySourceProperties = '{org.springframework.boot.test.context.SpringBootTestContextBootstrapper=true}', contextCustomizers = set[org.springframework.boot.test.autoconfigure.properties.PropertyMappingContextCustomizer@0, org.springframework.boot.test.autoconfigure.web.servlet.WebDriverContextCustomizerFactory$Customizer@5f117d42, org.springframework.boot.test.context.filter.ExcludeFilterContextCustomizer@7cb80bdb, org.springframework.boot.test.json.DuplicateJsonObjectContextCustomizerFactory$DuplicateJsonObjectContextCustomizer@7250b0cc, org.springframework.boot.test.mock.mockito.MockitoContextCustomizer@0, org.springframework.boot.test.web.client.TestRestTemplateContextCustomizer@2f83a61], resourceBasePath = 'src/main/webapp', contextLoader = 'org.springframework.boot.test.context.SpringBootContextLoader', parent = [null]], attributes = map['org.springframework.test.context.web.ServletTestExecutionListener.activateListener' -> true]], class annotated with @DirtiesContext [false] with mode [null].
20:43:26.088 [Test worker] DEBUG org.springframework.test.annotation.ProfileValueUtils - Retrieved @ProfileValueSourceConfiguration [null] for test class [com.jojoldu.book.springboot.PostsRepositoryTest]
20:43:26.088 [Test worker] DEBUG org.springframework.test.annotation.ProfileValueUtils - Retrieved ProfileValueSource type [class org.springframework.test.annotation.SystemProfileValueSource] for class [com.jojoldu.book.springboot.PostsRepositoryTest]
20:43:26.166 [Test worker] DEBUG org.springframework.test.context.support.TestPropertySourceUtils - Adding inlined properties to environment: {spring.jmx.enabled=false, org.springframework.boot.test.context.SpringBootTestContextBootstrapper=true, server.port=-1}

  .   ____          _            __ _ _
 /\\ / ___'_ __ _ _(_)_ __  __ _ \ \ \ \
( ( )\___ | '_ | '_| | '_ \/ _` | \ \ \ \
 \\/  ___)| |_)| | | | | || (_| |  ) ) ) )
  '  |____| .__|_| |_|_| |_\__, | / / / /
 =========|_|==============|___/=/_/_/_/
 :: Spring Boot ::        (v2.1.7.RELEASE)

2022-02-17 20:43:27.239  INFO 17754 --- [    Test worker] c.j.book.springboot.PostsRepositoryTest  : Starting PostsRepositoryTest on ip-172-31-12-162.ap-northeast-2.compute.internal with PID 17754 (started by ec2-user in /home/ec2-user/app/step1/freelec-springboot2_1-webservice)
2022-02-17 20:43:27.247  INFO 17754 --- [    Test worker] c.j.book.springboot.PostsRepositoryTest  : No active profile set, falling back to default profiles: default
2022-02-17 20:43:30.644  INFO 17754 --- [    Test worker] .s.d.r.c.RepositoryConfigurationDelegate : Bootstrapping Spring Data repositories in DEFAULT mode.
2022-02-17 20:43:30.852  INFO 17754 --- [    Test worker] .s.d.r.c.RepositoryConfigurationDelegate : Finished Spring Data repository scanning in 187ms. Found 2 repository interfaces.
2022-02-17 20:43:32.133  INFO 17754 --- [    Test worker] trationDelegate$BeanPostProcessorChecker : Bean 'org.springframework.transaction.annotation.ProxyTransactionManagementConfiguration' of type [org.springframework.transaction.annotation.ProxyTransactionManagementConfiguration$$EnhancerBySpringCGLIB$$501b1dfd] is not eligible for getting processed by all BeanPostProcessors (for example: not eligible for auto-proxying)
2022-02-17 20:43:32.659  INFO 17754 --- [    Test worker] com.zaxxer.hikari.HikariDataSource       : HikariPool-1 - Starting...
2022-02-17 20:43:33.017  INFO 17754 --- [    Test worker] com.zaxxer.hikari.HikariDataSource       : HikariPool-1 - Start completed.
2022-02-17 20:43:33.285  INFO 17754 --- [    Test worker] o.hibernate.jpa.internal.util.LogHelper  : HHH000204: Processing PersistenceUnitInfo [
	name: default
	...]
2022-02-17 20:43:33.437  INFO 17754 --- [    Test worker] org.hibernate.Version                    : HHH000412: Hibernate Core {5.3.10.Final}
2022-02-17 20:43:33.450  INFO 17754 --- [    Test worker] org.hibernate.cfg.Environment            : HHH000206: hibernate.properties not found
2022-02-17 20:43:33.857  INFO 17754 --- [    Test worker] o.hibernate.annotations.common.Version   : HCANN000001: Hibernate Commons Annotations {5.0.4.Final}
2022-02-17 20:43:34.245  INFO 17754 --- [    Test worker] org.hibernate.dialect.Dialect            : HHH000400: Using dialect: org.hibernate.dialect.MySQL5InnoDBDialect
Hibernate: drop table if exists posts
Hibernate: drop table if exists user
Hibernate: create table posts (id bigint not null auto_increment, created_date datetime, modified_date datetime, author varchar(255), content TEXT not null, title varchar(500) not null, primary key (id)) engine=InnoDB
Hibernate: create table user (id bigint not null auto_increment, created_date datetime, modified_date datetime, email varchar(255) not null, name varchar(255) not null, picture varchar(255), role varchar(255) not null, primary key (id)) engine=InnoDB
2022-02-17 20:43:35.727  INFO 17754 --- [    Test worker] o.h.t.schema.internal.SchemaCreatorImpl  : HHH000476: Executing import script 'org.hibernate.tool.schema.internal.exec.ScriptSourceInputNonExistentImpl@3e6bf733'
2022-02-17 20:43:35.731  INFO 17754 --- [    Test worker] j.LocalContainerEntityManagerFactoryBean : Initialized JPA EntityManagerFactory for persistence unit 'default'
2022-02-17 20:43:37.044  INFO 17754 --- [    Test worker] o.h.h.i.QueryTranslatorFactoryInitiator  : HHH000397: Using ASTQueryTranslatorFactory
2022-02-17 20:43:38.016  INFO 17754 --- [    Test worker] o.s.s.web.DefaultSecurityFilterChain     : Creating filter chain: any request, [org.springframework.security.web.context.request.async.WebAsyncManagerIntegrationFilter@2d8b723, org.springframework.security.web.context.SecurityContextPersistenceFilter@2d6859ab, org.springframework.security.web.header.HeaderWriterFilter@cca7104, org.springframework.security.web.authentication.logout.LogoutFilter@3ba0c61a, org.springframework.security.oauth2.client.web.OAuth2AuthorizationRequestRedirectFilter@41a332f1, org.springframework.security.oauth2.client.web.OAuth2LoginAuthenticationFilter@2d693a23, org.springframework.security.web.authentication.ui.DefaultLoginPageGeneratingFilter@181048d4, org.springframework.security.web.authentication.ui.DefaultLogoutPageGeneratingFilter@4e197831, org.springframework.security.web.savedrequest.RequestCacheAwareFilter@b72cd2, org.springframework.security.web.servletapi.SecurityContextHolderAwareRequestFilter@214c09de, org.springframework.security.web.authentication.AnonymousAuthenticationFilter@29f01178, org.springframework.security.web.session.SessionManagementFilter@5c90fe13, org.springframework.security.web.access.ExceptionTranslationFilter@2b3094ac, org.springframework.security.web.access.intercept.FilterSecurityInterceptor@f4c30af]
2022-02-17 20:43:39.187  INFO 17754 --- [    Test worker] o.s.s.concurrent.ThreadPoolTaskExecutor  : Initializing ExecutorService 'applicationTaskExecutor'
2022-02-17 20:43:39.442  WARN 17754 --- [    Test worker] aWebConfiguration$JpaWebMvcConfiguration : spring.jpa.open-in-view is enabled by default. Therefore, database queries may be performed during view rendering. Explicitly configure spring.jpa.open-in-view to disable this warning
2022-02-17 20:43:39.560  INFO 17754 --- [    Test worker] o.s.b.a.w.s.WelcomePageHandlerMapping    : Adding welcome page template: index
2022-02-17 20:43:40.711  INFO 17754 --- [    Test worker] s.a.ScheduledAnnotationBeanPostProcessor : No TaskScheduler/ScheduledExecutorService bean found for scheduled processing
2022-02-17 20:43:40.734  INFO 17754 --- [    Test worker] c.j.book.springboot.PostsRepositoryTest  : Started PostsRepositoryTest in 14.539 seconds (JVM running for 17.238)
Hibernate: insert into posts (created_date, modified_date, author, content, title) values (?, ?, ?, ?, ?)
Hibernate: select posts0_.id as id1_0_, posts0_.created_date as created_2_0_, posts0_.modified_date as modified3_0_, posts0_.author as author4_0_, posts0_.content as content5_0_, posts0_.title as title6_0_ from posts posts0_
Hibernate: select posts0_.id as id1_0_, posts0_.created_date as created_2_0_, posts0_.modified_date as modified3_0_, posts0_.author as author4_0_, posts0_.content as content5_0_, posts0_.title as title6_0_ from posts posts0_
Hibernate: delete from posts where id=?
Hibernate: insert into posts (created_date, modified_date, author, content, title) values (?, ?, ?, ?, ?)
Hibernate: select posts0_.id as id1_0_, posts0_.created_date as created_2_0_, posts0_.modified_date as modified3_0_, posts0_.author as author4_0_, posts0_.content as content5_0_, posts0_.title as title6_0_ from posts posts0_
>>>>>>>> createDate=2022-02-17T20:43:41.338, modifiedDate=2022-02-17T20:43:41.338
Hibernate: select posts0_.id as id1_0_, posts0_.created_date as created_2_0_, posts0_.modified_date as modified3_0_, posts0_.author as author4_0_, posts0_.content as content5_0_, posts0_.title as title6_0_ from posts posts0_
Hibernate: delete from posts where id=?
]]></system-out>
  <system-err><![CDATA[]]></system-err>
</testsuite>
