<?xml version="1.0" encoding="UTF-8"?>
<testsuite name="com.jojoldu.book.springboot.web.IndexControllerTest" tests="1" skipped="0" failures="0" errors="0" timestamp="2022-02-16T09:58:08" hostname="DESKTOP-PF9N4H3" time="0.292">
  <properties/>
  <testcase name="메인페이지_로딩" classname="com.jojoldu.book.springboot.web.IndexControllerTest" time="0.292"/>
  <system-out><![CDATA[2022-02-16 18:58:04.273  INFO 17884 --- [    Test worker] .b.t.c.SpringBootTestContextBootstrapper : Neither @ContextConfiguration nor @ContextHierarchy found for test class [com.jojoldu.book.springboot.web.IndexControllerTest], using SpringBootContextLoader
2022-02-16 18:58:04.277  INFO 17884 --- [    Test worker] o.s.t.c.support.AbstractContextLoader    : Could not detect default resource locations for test class [com.jojoldu.book.springboot.web.IndexControllerTest]: no resource found for suffixes {-context.xml, Context.groovy}.
2022-02-16 18:58:04.277  INFO 17884 --- [    Test worker] t.c.s.AnnotationConfigContextLoaderUtils : Could not detect default configuration classes for test class [com.jojoldu.book.springboot.web.IndexControllerTest]: IndexControllerTest does not declare any static, non-private, non-final, nested classes annotated with @Configuration.
2022-02-16 18:58:04.282  INFO 17884 --- [    Test worker] .b.t.c.SpringBootTestContextBootstrapper : Found @SpringBootConfiguration com.jojoldu.book.springboot.Application for test class com.jojoldu.book.springboot.web.IndexControllerTest
2022-02-16 18:58:04.290  INFO 17884 --- [    Test worker] .b.t.c.SpringBootTestContextBootstrapper : Loaded default TestExecutionListener class names from location [META-INF/spring.factories]: [org.springframework.security.test.context.support.WithSecurityContextTestExecutionListener, org.springframework.security.test.context.support.ReactorContextTestExecutionListener, org.springframework.boot.test.autoconfigure.restdocs.RestDocsTestExecutionListener, org.springframework.boot.test.autoconfigure.web.client.MockRestServiceServerResetTestExecutionListener, org.springframework.boot.test.autoconfigure.web.servlet.MockMvcPrintOnlyOnFailureTestExecutionListener, org.springframework.boot.test.autoconfigure.web.servlet.WebDriverTestExecutionListener, org.springframework.boot.test.mock.mockito.MockitoTestExecutionListener, org.springframework.boot.test.mock.mockito.ResetMocksTestExecutionListener, org.springframework.test.context.web.ServletTestExecutionListener, org.springframework.test.context.support.DirtiesContextBeforeModesTestExecutionListener, org.springframework.test.context.support.DependencyInjectionTestExecutionListener, org.springframework.test.context.support.DirtiesContextTestExecutionListener, org.springframework.test.context.transaction.TransactionalTestExecutionListener, org.springframework.test.context.jdbc.SqlScriptsTestExecutionListener]
2022-02-16 18:58:04.293  INFO 17884 --- [    Test worker] .b.t.c.SpringBootTestContextBootstrapper : Using TestExecutionListeners: [org.springframework.test.context.web.ServletTestExecutionListener@c0322aa, org.springframework.test.context.support.DirtiesContextBeforeModesTestExecutionListener@2b65a642, org.springframework.boot.test.mock.mockito.MockitoTestExecutionListener@382268d, org.springframework.boot.test.autoconfigure.SpringBootDependencyInjectionTestExecutionListener@23dc26eb, org.springframework.test.context.support.DirtiesContextTestExecutionListener@36df4648, org.springframework.test.context.transaction.TransactionalTestExecutionListener@300ea167, org.springframework.test.context.jdbc.SqlScriptsTestExecutionListener@22aa4fa5, org.springframework.security.test.context.support.WithSecurityContextTestExecutionListener@6083ce65, org.springframework.security.test.context.support.ReactorContextTestExecutionListener@2ca2293b, org.springframework.boot.test.autoconfigure.restdocs.RestDocsTestExecutionListener@6962a051, org.springframework.boot.test.autoconfigure.web.client.MockRestServiceServerResetTestExecutionListener@19451dbf, org.springframework.boot.test.autoconfigure.web.servlet.MockMvcPrintOnlyOnFailureTestExecutionListener@67cb1814, org.springframework.boot.test.autoconfigure.web.servlet.WebDriverTestExecutionListener@5a9d1e27, org.springframework.boot.test.mock.mockito.ResetMocksTestExecutionListener@26815d0d]

  .   ____          _            __ _ _
 /\\ / ___'_ __ _ _(_)_ __  __ _ \ \ \ \
( ( )\___ | '_ | '_| | '_ \/ _` | \ \ \ \
 \\/  ___)| |_)| | | | | || (_| |  ) ) ) )
  '  |____| .__|_| |_|_| |_\__, | / / / /
 =========|_|==============|___/=/_/_/_/
 :: Spring Boot ::        (v2.1.7.RELEASE)

2022-02-16 18:58:04.369  INFO 17884 --- [    Test worker] c.j.b.s.web.IndexControllerTest          : Starting IndexControllerTest on DESKTOP-PF9N4H3 with PID 17884 (started by user in C:\Users\user\Desktop\스프링부트-JPA-활용-1\SpringbootAWS)
2022-02-16 18:58:04.370  INFO 17884 --- [    Test worker] c.j.b.s.web.IndexControllerTest          : No active profile set, falling back to default profiles: default
2022-02-16 18:58:05.144  INFO 17884 --- [    Test worker] .s.d.r.c.RepositoryConfigurationDelegate : Bootstrapping Spring Data repositories in DEFAULT mode.
2022-02-16 18:58:05.226  INFO 17884 --- [    Test worker] .s.d.r.c.RepositoryConfigurationDelegate : Finished Spring Data repository scanning in 79ms. Found 2 repository interfaces.
2022-02-16 18:58:05.484  INFO 17884 --- [    Test worker] trationDelegate$BeanPostProcessorChecker : Bean 'org.springframework.transaction.annotation.ProxyTransactionManagementConfiguration' of type [org.springframework.transaction.annotation.ProxyTransactionManagementConfiguration$$EnhancerBySpringCGLIB$$7334e201] is not eligible for getting processed by all BeanPostProcessors (for example: not eligible for auto-proxying)
2022-02-16 18:58:05.987  INFO 17884 --- [    Test worker] o.s.b.w.embedded.tomcat.TomcatWebServer  : Tomcat initialized with port(s): 0 (http)
2022-02-16 18:58:06.032  INFO 17884 --- [    Test worker] o.apache.catalina.core.StandardService   : Starting service [Tomcat]
2022-02-16 18:58:06.033  INFO 17884 --- [    Test worker] org.apache.catalina.core.StandardEngine  : Starting Servlet engine: [Apache Tomcat/9.0.22]
2022-02-16 18:58:06.304  INFO 17884 --- [    Test worker] o.a.c.c.C.[Tomcat].[localhost].[/]       : Initializing Spring embedded WebApplicationContext
2022-02-16 18:58:06.304  INFO 17884 --- [    Test worker] o.s.web.context.ContextLoader            : Root WebApplicationContext: initialization completed in 1928 ms
2022-02-16 18:58:06.556  INFO 17884 --- [    Test worker] com.zaxxer.hikari.HikariDataSource       : HikariPool-2 - Starting...
2022-02-16 18:58:06.557  INFO 17884 --- [    Test worker] com.zaxxer.hikari.HikariDataSource       : HikariPool-2 - Start completed.
2022-02-16 18:58:06.633  INFO 17884 --- [    Test worker] o.hibernate.jpa.internal.util.LogHelper  : HHH000204: Processing PersistenceUnitInfo [
	name: default
	...]
2022-02-16 18:58:06.668  INFO 17884 --- [    Test worker] org.hibernate.dialect.Dialect            : HHH000400: Using dialect: org.hibernate.dialect.MySQL5InnoDBDialect
Hibernate: drop table if exists posts
Hibernate: drop table if exists user
Hibernate: create table posts (id bigint not null auto_increment, created_date datetime, modified_date datetime, author varchar(255), content TEXT not null, title varchar(500) not null, primary key (id)) engine=InnoDB
Hibernate: create table user (id bigint not null auto_increment, created_date datetime, modified_date datetime, email varchar(255) not null, name varchar(255) not null, picture varchar(255), role varchar(255) not null, primary key (id)) engine=InnoDB
2022-02-16 18:58:06.747  INFO 17884 --- [    Test worker] o.h.t.schema.internal.SchemaCreatorImpl  : HHH000476: Executing import script 'org.hibernate.tool.schema.internal.exec.ScriptSourceInputNonExistentImpl@528e8bfa'
2022-02-16 18:58:06.748  INFO 17884 --- [    Test worker] j.LocalContainerEntityManagerFactoryBean : Initialized JPA EntityManagerFactory for persistence unit 'default'
2022-02-16 18:58:07.347  INFO 17884 --- [    Test worker] o.h.h.i.QueryTranslatorFactoryInitiator  : HHH000397: Using ASTQueryTranslatorFactory
2022-02-16 18:58:07.651  INFO 17884 --- [    Test worker] o.s.s.web.DefaultSecurityFilterChain     : Creating filter chain: any request, [org.springframework.security.web.context.request.async.WebAsyncManagerIntegrationFilter@623c0b63, org.springframework.security.web.context.SecurityContextPersistenceFilter@7033806c, org.springframework.security.web.header.HeaderWriterFilter@7dd3a480, org.springframework.security.web.authentication.logout.LogoutFilter@25cb5c5b, org.springframework.security.oauth2.client.web.OAuth2AuthorizationRequestRedirectFilter@7f39663a, org.springframework.security.oauth2.client.web.OAuth2LoginAuthenticationFilter@471afebe, org.springframework.security.web.authentication.ui.DefaultLoginPageGeneratingFilter@499785e5, org.springframework.security.web.authentication.ui.DefaultLogoutPageGeneratingFilter@d62fc2f, org.springframework.security.web.savedrequest.RequestCacheAwareFilter@27f29126, org.springframework.security.web.servletapi.SecurityContextHolderAwareRequestFilter@47e5d6fc, org.springframework.security.web.authentication.AnonymousAuthenticationFilter@395e530f, org.springframework.security.web.session.SessionManagementFilter@1fc237c2, org.springframework.security.web.access.ExceptionTranslationFilter@161831d5, org.springframework.security.web.access.intercept.FilterSecurityInterceptor@75a34241]
2022-02-16 18:58:08.111  INFO 17884 --- [    Test worker] o.s.s.concurrent.ThreadPoolTaskExecutor  : Initializing ExecutorService 'applicationTaskExecutor'
2022-02-16 18:58:08.134  WARN 17884 --- [    Test worker] aWebConfiguration$JpaWebMvcConfiguration : spring.jpa.open-in-view is enabled by default. Therefore, database queries may be performed during view rendering. Explicitly configure spring.jpa.open-in-view to disable this warning
2022-02-16 18:58:08.202  INFO 17884 --- [    Test worker] o.s.b.a.w.s.WelcomePageHandlerMapping    : Adding welcome page template: index
2022-02-16 18:58:08.863  INFO 17884 --- [    Test worker] s.a.ScheduledAnnotationBeanPostProcessor : No TaskScheduler/ScheduledExecutorService bean found for scheduled processing
2022-02-16 18:58:08.893  INFO 17884 --- [    Test worker] o.s.b.w.embedded.tomcat.TomcatWebServer  : Tomcat started on port(s): 51306 (http) with context path ''
2022-02-16 18:58:08.894  INFO 17884 --- [    Test worker] c.j.b.s.web.IndexControllerTest          : Started IndexControllerTest in 4.596 seconds (JVM running for 19.946)
2022-02-16 18:58:09.019  INFO 17884 --- [o-auto-1-exec-1] o.a.c.c.C.[Tomcat].[localhost].[/]       : Initializing Spring DispatcherServlet 'dispatcherServlet'
2022-02-16 18:58:09.019  INFO 17884 --- [o-auto-1-exec-1] o.s.web.servlet.DispatcherServlet        : Initializing Servlet 'dispatcherServlet'
2022-02-16 18:58:09.046  INFO 17884 --- [o-auto-1-exec-1] o.s.web.servlet.DispatcherServlet        : Completed initialization in 26 ms
SessionUser user is null 
Hibernate: select posts0_.id as id1_0_, posts0_.created_date as created_2_0_, posts0_.modified_date as modified3_0_, posts0_.author as author4_0_, posts0_.content as content5_0_, posts0_.title as title6_0_ from posts posts0_ order by posts0_.id DESC
user is not null userName = null
user.toString() >>> com.jojoldu.book.springboot.config.auth.dto.SessionUser@59d9ba43
]]></system-out>
  <system-err><![CDATA[]]></system-err>
</testsuite>
