<?xml version="1.0" encoding="UTF-8"?>
<testsuite name="com.jojoldu.book.springboot.web.HelloControllerTest" tests="2" skipped="0" failures="0" errors="0" timestamp="2022-02-17T11:43:43" hostname="ip-172-31-12-162.ap-northeast-2.compute.internal" time="0.319">
  <properties/>
  <testcase name="hello가_리턴된다" classname="com.jojoldu.book.springboot.web.HelloControllerTest" time="0.132"/>
  <testcase name="helloDto가_리턴된다" classname="com.jojoldu.book.springboot.web.HelloControllerTest" time="0.185"/>
  <system-out><![CDATA[2022-02-17 20:43:41.493  INFO 17754 --- [    Test worker] .b.t.a.w.s.WebMvcTestContextBootstrapper : Neither @ContextConfiguration nor @ContextHierarchy found for test class [com.jojoldu.book.springboot.web.HelloControllerTest], using SpringBootContextLoader
2022-02-17 20:43:41.494  INFO 17754 --- [    Test worker] o.s.t.c.support.AbstractContextLoader    : Could not detect default resource locations for test class [com.jojoldu.book.springboot.web.HelloControllerTest]: no resource found for suffixes {-context.xml, Context.groovy}.
2022-02-17 20:43:41.495  INFO 17754 --- [    Test worker] t.c.s.AnnotationConfigContextLoaderUtils : Could not detect default configuration classes for test class [com.jojoldu.book.springboot.web.HelloControllerTest]: HelloControllerTest does not declare any static, non-private, non-final, nested classes annotated with @Configuration.
2022-02-17 20:43:41.536  INFO 17754 --- [    Test worker] .b.t.c.SpringBootTestContextBootstrapper : Found @SpringBootConfiguration com.jojoldu.book.springboot.Application for test class com.jojoldu.book.springboot.web.HelloControllerTest
2022-02-17 20:43:41.540  INFO 17754 --- [    Test worker] .b.t.a.w.s.WebMvcTestContextBootstrapper : Loaded default TestExecutionListener class names from location [META-INF/spring.factories]: [org.springframework.security.test.context.support.WithSecurityContextTestExecutionListener, org.springframework.security.test.context.support.ReactorContextTestExecutionListener, org.springframework.boot.test.autoconfigure.restdocs.RestDocsTestExecutionListener, org.springframework.boot.test.autoconfigure.web.client.MockRestServiceServerResetTestExecutionListener, org.springframework.boot.test.autoconfigure.web.servlet.MockMvcPrintOnlyOnFailureTestExecutionListener, org.springframework.boot.test.autoconfigure.web.servlet.WebDriverTestExecutionListener, org.springframework.boot.test.mock.mockito.MockitoTestExecutionListener, org.springframework.boot.test.mock.mockito.ResetMocksTestExecutionListener, org.springframework.test.context.web.ServletTestExecutionListener, org.springframework.test.context.support.DirtiesContextBeforeModesTestExecutionListener, org.springframework.test.context.support.DependencyInjectionTestExecutionListener, org.springframework.test.context.support.DirtiesContextTestExecutionListener, org.springframework.test.context.transaction.TransactionalTestExecutionListener, org.springframework.test.context.jdbc.SqlScriptsTestExecutionListener]
2022-02-17 20:43:41.541  INFO 17754 --- [    Test worker] .b.t.a.w.s.WebMvcTestContextBootstrapper : Using TestExecutionListeners: [org.springframework.test.context.web.ServletTestExecutionListener@41e06793, org.springframework.test.context.support.DirtiesContextBeforeModesTestExecutionListener@711525ef, org.springframework.boot.test.mock.mockito.MockitoTestExecutionListener@427565a2, org.springframework.boot.test.autoconfigure.SpringBootDependencyInjectionTestExecutionListener@7f0dd14, org.springframework.test.context.support.DirtiesContextTestExecutionListener@456efe86, org.springframework.test.context.transaction.TransactionalTestExecutionListener@1d8c9199, org.springframework.test.context.jdbc.SqlScriptsTestExecutionListener@74bdafff, org.springframework.security.test.context.support.WithSecurityContextTestExecutionListener@7524d401, org.springframework.security.test.context.support.ReactorContextTestExecutionListener@478c8eed, org.springframework.boot.test.autoconfigure.restdocs.RestDocsTestExecutionListener@3e75dfdc, org.springframework.boot.test.autoconfigure.web.client.MockRestServiceServerResetTestExecutionListener@27ae5dba, org.springframework.boot.test.autoconfigure.web.servlet.MockMvcPrintOnlyOnFailureTestExecutionListener@74791192, org.springframework.boot.test.autoconfigure.web.servlet.WebDriverTestExecutionListener@57a11216, org.springframework.boot.test.mock.mockito.ResetMocksTestExecutionListener@473abc01]

  .   ____          _            __ _ _
 /\\ / ___'_ __ _ _(_)_ __  __ _ \ \ \ \
( ( )\___ | '_ | '_| | '_ \/ _` | \ \ \ \
 \\/  ___)| |_)| | | | | || (_| |  ) ) ) )
  '  |____| .__|_| |_|_| |_\__, | / / / /
 =========|_|==============|___/=/_/_/_/
 :: Spring Boot ::        (v2.1.7.RELEASE)

2022-02-17 20:43:41.601  INFO 17754 --- [    Test worker] c.j.b.s.web.HelloControllerTest          : Starting HelloControllerTest on ip-172-31-12-162.ap-northeast-2.compute.internal with PID 17754 (started by ec2-user in /home/ec2-user/app/step1/freelec-springboot2_1-webservice)
2022-02-17 20:43:41.607  INFO 17754 --- [    Test worker] c.j.b.s.web.HelloControllerTest          : No active profile set, falling back to default profiles: default
2022-02-17 20:43:42.457  INFO 17754 --- [    Test worker] o.s.s.concurrent.ThreadPoolTaskExecutor  : Initializing ExecutorService 'applicationTaskExecutor'
2022-02-17 20:43:42.524  INFO 17754 --- [    Test worker] o.s.b.a.w.s.WelcomePageHandlerMapping    : Adding welcome page template: index
2022-02-17 20:43:42.891  INFO 17754 --- [    Test worker] .s.s.UserDetailsServiceAutoConfiguration : 

Using generated security password: bc7fd867-c643-4486-8597-6c9438d63e0a

2022-02-17 20:43:43.143  INFO 17754 --- [    Test worker] o.s.s.web.DefaultSecurityFilterChain     : Creating filter chain: any request, [org.springframework.security.web.context.request.async.WebAsyncManagerIntegrationFilter@225303d, org.springframework.security.web.context.SecurityContextPersistenceFilter@3acdbf77, org.springframework.security.web.header.HeaderWriterFilter@71070937, org.springframework.security.web.csrf.CsrfFilter@481893e7, org.springframework.security.web.authentication.logout.LogoutFilter@6fc739cb, org.springframework.security.web.authentication.UsernamePasswordAuthenticationFilter@4ba46806, org.springframework.security.web.authentication.ui.DefaultLoginPageGeneratingFilter@4e30db59, org.springframework.security.web.authentication.ui.DefaultLogoutPageGeneratingFilter@3af22264, org.springframework.security.web.authentication.www.BasicAuthenticationFilter@530cd6de, org.springframework.security.web.savedrequest.RequestCacheAwareFilter@1bfd8857, org.springframework.security.web.servletapi.SecurityContextHolderAwareRequestFilter@52fa74ae, org.springframework.security.web.authentication.AnonymousAuthenticationFilter@f7da9c2, org.springframework.security.web.session.SessionManagementFilter@7d0c2b5b, org.springframework.security.web.access.ExceptionTranslationFilter@7e1be158, org.springframework.security.web.access.intercept.FilterSecurityInterceptor@42a3eb3e]
2022-02-17 20:43:43.215  INFO 17754 --- [    Test worker] o.s.b.t.m.w.SpringBootMockServletContext : Initializing Spring TestDispatcherServlet ''
2022-02-17 20:43:43.218  INFO 17754 --- [    Test worker] o.s.t.web.servlet.TestDispatcherServlet  : Initializing Servlet ''
2022-02-17 20:43:43.241  INFO 17754 --- [    Test worker] o.s.t.web.servlet.TestDispatcherServlet  : Completed initialization in 22 ms
2022-02-17 20:43:43.298  INFO 17754 --- [    Test worker] c.j.b.s.web.HelloControllerTest          : Started HelloControllerTest in 1.75 seconds (JVM running for 19.802)
]]></system-out>
  <system-err><![CDATA[]]></system-err>
</testsuite>
