<?xml version="1.0" encoding="UTF-8"?>
<testsuite name="com.jojoldu.book.springboot.web.ProfileControllerTest" tests="1" skipped="0" failures="0" errors="0" timestamp="2022-10-02T06:11:38" hostname="ip-172-31-86-214.ec2.internal" time="0.029">
  <properties/>
  <testcase name="profile은_인증없이_호출된다" classname="com.jojoldu.book.springboot.web.ProfileControllerTest" time="0.029"/>
  <system-out><![CDATA[2022-10-02 15:11:38.605  INFO 14082 --- [    Test worker] .b.t.c.SpringBootTestContextBootstrapper : Neither @ContextConfiguration nor @ContextHierarchy found for test class [com.jojoldu.book.springboot.web.ProfileControllerTest], using SpringBootContextLoader
2022-10-02 15:11:38.607  INFO 14082 --- [    Test worker] o.s.t.c.support.AbstractContextLoader    : Could not detect default resource locations for test class [com.jojoldu.book.springboot.web.ProfileControllerTest]: no resource found for suffixes {-context.xml, Context.groovy}.
2022-10-02 15:11:38.607  INFO 14082 --- [    Test worker] t.c.s.AnnotationConfigContextLoaderUtils : Could not detect default configuration classes for test class [com.jojoldu.book.springboot.web.ProfileControllerTest]: ProfileControllerTest does not declare any static, non-private, non-final, nested classes annotated with @Configuration.
2022-10-02 15:11:38.627  INFO 14082 --- [    Test worker] .b.t.c.SpringBootTestContextBootstrapper : Found @SpringBootConfiguration com.jojoldu.book.springboot.Application for test class com.jojoldu.book.springboot.web.ProfileControllerTest
2022-10-02 15:11:38.628  INFO 14082 --- [    Test worker] .b.t.c.SpringBootTestContextBootstrapper : Loaded default TestExecutionListener class names from location [META-INF/spring.factories]: [org.springframework.security.test.context.support.WithSecurityContextTestExecutionListener, org.springframework.security.test.context.support.ReactorContextTestExecutionListener, org.springframework.boot.test.autoconfigure.restdocs.RestDocsTestExecutionListener, org.springframework.boot.test.autoconfigure.web.client.MockRestServiceServerResetTestExecutionListener, org.springframework.boot.test.autoconfigure.web.servlet.MockMvcPrintOnlyOnFailureTestExecutionListener, org.springframework.boot.test.autoconfigure.web.servlet.WebDriverTestExecutionListener, org.springframework.boot.test.mock.mockito.MockitoTestExecutionListener, org.springframework.boot.test.mock.mockito.ResetMocksTestExecutionListener, org.springframework.test.context.web.ServletTestExecutionListener, org.springframework.test.context.support.DirtiesContextBeforeModesTestExecutionListener, org.springframework.test.context.support.DependencyInjectionTestExecutionListener, org.springframework.test.context.support.DirtiesContextTestExecutionListener, org.springframework.test.context.transaction.TransactionalTestExecutionListener, org.springframework.test.context.jdbc.SqlScriptsTestExecutionListener]
2022-10-02 15:11:38.628  INFO 14082 --- [    Test worker] .b.t.c.SpringBootTestContextBootstrapper : Using TestExecutionListeners: [org.springframework.test.context.web.ServletTestExecutionListener@726e0a38, org.springframework.test.context.support.DirtiesContextBeforeModesTestExecutionListener@bef9fba, org.springframework.boot.test.mock.mockito.MockitoTestExecutionListener@6cdde954, org.springframework.boot.test.autoconfigure.SpringBootDependencyInjectionTestExecutionListener@1821bab7, org.springframework.test.context.support.DirtiesContextTestExecutionListener@1a1c4c41, org.springframework.test.context.transaction.TransactionalTestExecutionListener@6df912f7, org.springframework.test.context.jdbc.SqlScriptsTestExecutionListener@6e6dd155, org.springframework.security.test.context.support.WithSecurityContextTestExecutionListener@7b8c3a2d, org.springframework.security.test.context.support.ReactorContextTestExecutionListener@30a1f59, org.springframework.boot.test.autoconfigure.restdocs.RestDocsTestExecutionListener@2641db65, org.springframework.boot.test.autoconfigure.web.client.MockRestServiceServerResetTestExecutionListener@26264181, org.springframework.boot.test.autoconfigure.web.servlet.MockMvcPrintOnlyOnFailureTestExecutionListener@3ce15a3a, org.springframework.boot.test.autoconfigure.web.servlet.WebDriverTestExecutionListener@6f427a28, org.springframework.boot.test.mock.mockito.ResetMocksTestExecutionListener@47f01e56]
]]></system-out>
  <system-err><![CDATA[]]></system-err>
</testsuite>
