<?xml version="1.0" encoding="UTF-8"?>
<testsuite name="com.jojoldu.book.springboot.web.ProfileControllerTest" tests="1" skipped="0" failures="0" errors="0" timestamp="2022-09-18T08:39:34" hostname="ip-172-31-94-73.ec2.internal" time="0.025">
  <properties/>
  <testcase name="profile은_인증없이_호출된다" classname="com.jojoldu.book.springboot.web.ProfileControllerTest" time="0.025"/>
  <system-out><![CDATA[2022-09-18 17:39:34.268  INFO 8527 --- [    Test worker] .b.t.c.SpringBootTestContextBootstrapper : Neither @ContextConfiguration nor @ContextHierarchy found for test class [com.jojoldu.book.springboot.web.ProfileControllerTest], using SpringBootContextLoader
2022-09-18 17:39:34.273  INFO 8527 --- [    Test worker] o.s.t.c.support.AbstractContextLoader    : Could not detect default resource locations for test class [com.jojoldu.book.springboot.web.ProfileControllerTest]: no resource found for suffixes {-context.xml, Context.groovy}.
2022-09-18 17:39:34.273  INFO 8527 --- [    Test worker] t.c.s.AnnotationConfigContextLoaderUtils : Could not detect default configuration classes for test class [com.jojoldu.book.springboot.web.ProfileControllerTest]: ProfileControllerTest does not declare any static, non-private, non-final, nested classes annotated with @Configuration.
2022-09-18 17:39:34.276  INFO 8527 --- [    Test worker] .b.t.c.SpringBootTestContextBootstrapper : Found @SpringBootConfiguration com.jojoldu.book.springboot.Application for test class com.jojoldu.book.springboot.web.ProfileControllerTest
2022-09-18 17:39:34.277  INFO 8527 --- [    Test worker] .b.t.c.SpringBootTestContextBootstrapper : Loaded default TestExecutionListener class names from location [META-INF/spring.factories]: [org.springframework.security.test.context.support.WithSecurityContextTestExecutionListener, org.springframework.security.test.context.support.ReactorContextTestExecutionListener, org.springframework.boot.test.autoconfigure.restdocs.RestDocsTestExecutionListener, org.springframework.boot.test.autoconfigure.web.client.MockRestServiceServerResetTestExecutionListener, org.springframework.boot.test.autoconfigure.web.servlet.MockMvcPrintOnlyOnFailureTestExecutionListener, org.springframework.boot.test.autoconfigure.web.servlet.WebDriverTestExecutionListener, org.springframework.boot.test.mock.mockito.MockitoTestExecutionListener, org.springframework.boot.test.mock.mockito.ResetMocksTestExecutionListener, org.springframework.test.context.web.ServletTestExecutionListener, org.springframework.test.context.support.DirtiesContextBeforeModesTestExecutionListener, org.springframework.test.context.support.DependencyInjectionTestExecutionListener, org.springframework.test.context.support.DirtiesContextTestExecutionListener, org.springframework.test.context.transaction.TransactionalTestExecutionListener, org.springframework.test.context.jdbc.SqlScriptsTestExecutionListener]
2022-09-18 17:39:34.278  INFO 8527 --- [    Test worker] .b.t.c.SpringBootTestContextBootstrapper : Using TestExecutionListeners: [org.springframework.test.context.web.ServletTestExecutionListener@2b9e75b0, org.springframework.test.context.support.DirtiesContextBeforeModesTestExecutionListener@58162d52, org.springframework.boot.test.mock.mockito.MockitoTestExecutionListener@21ae7dde, org.springframework.boot.test.autoconfigure.SpringBootDependencyInjectionTestExecutionListener@5eb1f4d1, org.springframework.test.context.support.DirtiesContextTestExecutionListener@6da3942, org.springframework.test.context.transaction.TransactionalTestExecutionListener@6fcff876, org.springframework.test.context.jdbc.SqlScriptsTestExecutionListener@3d5d38dc, org.springframework.security.test.context.support.WithSecurityContextTestExecutionListener@6c9b44da, org.springframework.security.test.context.support.ReactorContextTestExecutionListener@3b5c7022, org.springframework.boot.test.autoconfigure.restdocs.RestDocsTestExecutionListener@2b402377, org.springframework.boot.test.autoconfigure.web.client.MockRestServiceServerResetTestExecutionListener@7f8f751b, org.springframework.boot.test.autoconfigure.web.servlet.MockMvcPrintOnlyOnFailureTestExecutionListener@498443a4, org.springframework.boot.test.autoconfigure.web.servlet.WebDriverTestExecutionListener@1101f7d6, org.springframework.boot.test.mock.mockito.ResetMocksTestExecutionListener@3bf0351a]
]]></system-out>
  <system-err><![CDATA[]]></system-err>
</testsuite>
