<?xml version="1.0" encoding="UTF-8"?>
<testsuite name="com.jojoldu.book.springboot.web.ProfileControllerTest" tests="1" skipped="0" failures="0" errors="0" timestamp="2022-02-17T11:43:48" hostname="ip-172-31-12-162.ap-northeast-2.compute.internal" time="0.027">
  <properties/>
  <testcase name="profile은_인증없이_호출된다" classname="com.jojoldu.book.springboot.web.ProfileControllerTest" time="0.027"/>
  <system-out><![CDATA[2022-02-17 20:43:48.601  INFO 17754 --- [    Test worker] .b.t.c.SpringBootTestContextBootstrapper : Neither @ContextConfiguration nor @ContextHierarchy found for test class [com.jojoldu.book.springboot.web.ProfileControllerTest], using SpringBootContextLoader
2022-02-17 20:43:48.602  INFO 17754 --- [    Test worker] o.s.t.c.support.AbstractContextLoader    : Could not detect default resource locations for test class [com.jojoldu.book.springboot.web.ProfileControllerTest]: no resource found for suffixes {-context.xml, Context.groovy}.
2022-02-17 20:43:48.603  INFO 17754 --- [    Test worker] t.c.s.AnnotationConfigContextLoaderUtils : Could not detect default configuration classes for test class [com.jojoldu.book.springboot.web.ProfileControllerTest]: ProfileControllerTest does not declare any static, non-private, non-final, nested classes annotated with @Configuration.
2022-02-17 20:43:48.605  INFO 17754 --- [    Test worker] .b.t.c.SpringBootTestContextBootstrapper : Found @SpringBootConfiguration com.jojoldu.book.springboot.Application for test class com.jojoldu.book.springboot.web.ProfileControllerTest
2022-02-17 20:43:48.606  INFO 17754 --- [    Test worker] .b.t.c.SpringBootTestContextBootstrapper : Loaded default TestExecutionListener class names from location [META-INF/spring.factories]: [org.springframework.security.test.context.support.WithSecurityContextTestExecutionListener, org.springframework.security.test.context.support.ReactorContextTestExecutionListener, org.springframework.boot.test.autoconfigure.restdocs.RestDocsTestExecutionListener, org.springframework.boot.test.autoconfigure.web.client.MockRestServiceServerResetTestExecutionListener, org.springframework.boot.test.autoconfigure.web.servlet.MockMvcPrintOnlyOnFailureTestExecutionListener, org.springframework.boot.test.autoconfigure.web.servlet.WebDriverTestExecutionListener, org.springframework.boot.test.mock.mockito.MockitoTestExecutionListener, org.springframework.boot.test.mock.mockito.ResetMocksTestExecutionListener, org.springframework.test.context.web.ServletTestExecutionListener, org.springframework.test.context.support.DirtiesContextBeforeModesTestExecutionListener, org.springframework.test.context.support.DependencyInjectionTestExecutionListener, org.springframework.test.context.support.DirtiesContextTestExecutionListener, org.springframework.test.context.transaction.TransactionalTestExecutionListener, org.springframework.test.context.jdbc.SqlScriptsTestExecutionListener]
2022-02-17 20:43:48.612  INFO 17754 --- [    Test worker] .b.t.c.SpringBootTestContextBootstrapper : Using TestExecutionListeners: [org.springframework.test.context.web.ServletTestExecutionListener@18bb17a2, org.springframework.test.context.support.DirtiesContextBeforeModesTestExecutionListener@3316183a, org.springframework.boot.test.mock.mockito.MockitoTestExecutionListener@2b8e4bd1, org.springframework.boot.test.autoconfigure.SpringBootDependencyInjectionTestExecutionListener@4ca23245, org.springframework.test.context.support.DirtiesContextTestExecutionListener@ce43a74, org.springframework.test.context.transaction.TransactionalTestExecutionListener@f30241a, org.springframework.test.context.jdbc.SqlScriptsTestExecutionListener@56b936ee, org.springframework.security.test.context.support.WithSecurityContextTestExecutionListener@bd41666, org.springframework.security.test.context.support.ReactorContextTestExecutionListener@26cebaf2, org.springframework.boot.test.autoconfigure.restdocs.RestDocsTestExecutionListener@28505ac5, org.springframework.boot.test.autoconfigure.web.client.MockRestServiceServerResetTestExecutionListener@37c10767, org.springframework.boot.test.autoconfigure.web.servlet.MockMvcPrintOnlyOnFailureTestExecutionListener@1c0d40df, org.springframework.boot.test.autoconfigure.web.servlet.WebDriverTestExecutionListener@4f476086, org.springframework.boot.test.mock.mockito.ResetMocksTestExecutionListener@65eb8dd9]
]]></system-out>
  <system-err><![CDATA[]]></system-err>
</testsuite>
