<?xml version="1.0" encoding="UTF-8"?>
<testsuite name="com.jojoldu.book.springboot.web.LoginControllerTest" tests="3" skipped="0" failures="1" errors="0" timestamp="2022-10-09T02:00:40" hostname="ip-172-31-86-214.ec2.internal" time="0.176">
  <properties/>
  <testcase name="PostRepository_기능테스트" classname="com.jojoldu.book.springboot.web.LoginControllerTest" time="0.088"/>
  <testcase name="메인페이지_로딩" classname="com.jojoldu.book.springboot.web.LoginControllerTest" time="0.056">
    <failure message="java.lang.AssertionError: &#10;Expecting:&#10; &lt;&quot;&lt;!DOCTYPE HTML&gt;&#10;&lt;html&gt;&#10;&lt;head&gt;&#10;    &lt;title&gt;스프링부트 웹서비스&lt;/title&gt;&#10;    &lt;meta http-equiv=&quot;Content-Type&quot; content=&quot;text/html; charset=UTF-8&quot; /&gt;&#10;&#10;    &lt;link rel=&quot;stylesheet&quot; href=&quot;/bootstrap/css/bootstrap.min.css&quot;&gt;&#10;&lt;/head&gt;&#10;&lt;body&gt;&#10;&#10;&lt;h1&gt;웹 서비스 Ver.2&lt;/h1&gt;&#10;&lt;div class=&quot;col-md-12&quot;&gt;&#10;    &lt;div class=&quot;row&quot;&gt;&#10;        &lt;div class=&quot;col-md-6&quot;&gt;&#10;            &lt;a href=&quot;/posts/save&quot; role=&quot;button&quot; class=&quot;btn btn-primary&quot;&gt;글 등록&lt;/a&gt;&#10;                &lt;a href=&quot;/oauth2/authorization/google&quot; class=&quot;btn btn-success active&quot; role=&quot;button&quot;&gt;Google Login&lt;/a&gt;&#10;                &lt;a href=&quot;/oauth2/authorization/naver&quot; class=&quot;btn btn-secondary active&quot; role=&quot;button&quot;&gt;Naver Login&lt;/a&gt;&#10;        &lt;/div&gt;&#10;    &lt;/div&gt;&#10;    &lt;br&gt;&#10;    &lt;!-- 목록 출력 영역 --&gt;&#10;    &lt;table class=&quot;table table-horizontal table-bordered&quot;&gt;&#10;        &lt;thead class=&quot;thead-strong&quot;&gt;&#10;        &lt;tr&gt;&#10;            &lt;th&gt;게시글번호&lt;/th&gt;&#10;            &lt;th&gt;제목&lt;/th&gt;&#10;            &lt;th&gt;작성자&lt;/th&gt;&#10;            &lt;th&gt;최종수정일&lt;/th&gt;&#10;        &lt;/tr&gt;&#10;        &lt;/thead&gt;&#10;        &lt;tbody id=&quot;tbody&quot;&gt;&#10;        &lt;/tbody&gt;&#10;    &lt;/table&gt;&#10;&lt;/div&gt;&#10;&#10;&lt;script src=&quot;https://code.jquery.com/jquery-3.3.1.min.js&quot;&gt;&lt;/script&gt;&#10;&lt;script src=&quot;/bootstrap/js/bootstrap.min.js&quot;&gt;&lt;/script&gt;&#10;&#10;&lt;!--index.js 추가 --&gt;&#10;&lt;script src=&quot;/js/app/index.js&quot;&gt;&lt;/script&gt;&#10;&lt;!--CKEditor 추가 --&gt;&#10;&lt;script src=&quot;https://cdn.ckeditor.com/ckeditor5/35.2.0/classic/ckeditor.js&quot;&gt;&lt;/script&gt;&#10;&#10;&lt;script&gt;&#10;    ClassicEditor&#10;        .create( document.querySelector( '#content' ))&#10;        .catch( error =&gt; {&#10;        console.error( error );&#10;} );&#10;&lt;/script&gt;&#10;&#10;&lt;/body&gt;&#10;&lt;/html&gt;&#10;&quot;&gt;&#10;to contain:&#10; &lt;&quot;스프링부트로 시작하는 웹 서비스&quot;&gt; " type="java.lang.AssertionError">java.lang.AssertionError: 
Expecting:
 &lt;&quot;&lt;!DOCTYPE HTML&gt;
&lt;html&gt;
&lt;head&gt;
    &lt;title&gt;스프링부트 웹서비스&lt;/title&gt;
    &lt;meta http-equiv=&quot;Content-Type&quot; content=&quot;text/html; charset=UTF-8&quot; /&gt;

    &lt;link rel=&quot;stylesheet&quot; href=&quot;/bootstrap/css/bootstrap.min.css&quot;&gt;
&lt;/head&gt;
&lt;body&gt;

&lt;h1&gt;웹 서비스 Ver.2&lt;/h1&gt;
&lt;div class=&quot;col-md-12&quot;&gt;
    &lt;div class=&quot;row&quot;&gt;
        &lt;div class=&quot;col-md-6&quot;&gt;
            &lt;a href=&quot;/posts/save&quot; role=&quot;button&quot; class=&quot;btn btn-primary&quot;&gt;글 등록&lt;/a&gt;
                &lt;a href=&quot;/oauth2/authorization/google&quot; class=&quot;btn btn-success active&quot; role=&quot;button&quot;&gt;Google Login&lt;/a&gt;
                &lt;a href=&quot;/oauth2/authorization/naver&quot; class=&quot;btn btn-secondary active&quot; role=&quot;button&quot;&gt;Naver Login&lt;/a&gt;
        &lt;/div&gt;
    &lt;/div&gt;
    &lt;br&gt;
    &lt;!-- 목록 출력 영역 --&gt;
    &lt;table class=&quot;table table-horizontal table-bordered&quot;&gt;
        &lt;thead class=&quot;thead-strong&quot;&gt;
        &lt;tr&gt;
            &lt;th&gt;게시글번호&lt;/th&gt;
            &lt;th&gt;제목&lt;/th&gt;
            &lt;th&gt;작성자&lt;/th&gt;
            &lt;th&gt;최종수정일&lt;/th&gt;
        &lt;/tr&gt;
        &lt;/thead&gt;
        &lt;tbody id=&quot;tbody&quot;&gt;
        &lt;/tbody&gt;
    &lt;/table&gt;
&lt;/div&gt;

&lt;script src=&quot;https://code.jquery.com/jquery-3.3.1.min.js&quot;&gt;&lt;/script&gt;
&lt;script src=&quot;/bootstrap/js/bootstrap.min.js&quot;&gt;&lt;/script&gt;

&lt;!--index.js 추가 --&gt;
&lt;script src=&quot;/js/app/index.js&quot;&gt;&lt;/script&gt;
&lt;!--CKEditor 추가 --&gt;
&lt;script src=&quot;https://cdn.ckeditor.com/ckeditor5/35.2.0/classic/ckeditor.js&quot;&gt;&lt;/script&gt;

&lt;script&gt;
    ClassicEditor
        .create( document.querySelector( '#content' ))
        .catch( error =&gt; {
        console.error( error );
} );
&lt;/script&gt;

&lt;/body&gt;
&lt;/html&gt;
&quot;&gt;
to contain:
 &lt;&quot;스프링부트로 시작하는 웹 서비스&quot;&gt; 
	at com.jojoldu.book.springboot.web.LoginControllerTest.메인페이지_로딩(LoginControllerTest.java:36)
	at sun.reflect.NativeMethodAccessorImpl.invoke0(Native Method)
	at sun.reflect.NativeMethodAccessorImpl.invoke(NativeMethodAccessorImpl.java:62)
	at sun.reflect.DelegatingMethodAccessorImpl.invoke(DelegatingMethodAccessorImpl.java:43)
	at java.lang.reflect.Method.invoke(Method.java:498)
	at org.junit.runners.model.FrameworkMethod$1.runReflectiveCall(FrameworkMethod.java:50)
	at org.junit.internal.runners.model.ReflectiveCallable.run(ReflectiveCallable.java:12)
	at org.junit.runners.model.FrameworkMethod.invokeExplosively(FrameworkMethod.java:47)
	at org.junit.internal.runners.statements.InvokeMethod.evaluate(InvokeMethod.java:17)
	at org.springframework.test.context.junit4.statements.RunBeforeTestExecutionCallbacks.evaluate(RunBeforeTestExecutionCallbacks.java:74)
	at org.springframework.test.context.junit4.statements.RunAfterTestExecutionCallbacks.evaluate(RunAfterTestExecutionCallbacks.java:84)
	at org.springframework.test.context.junit4.statements.RunBeforeTestMethodCallbacks.evaluate(RunBeforeTestMethodCallbacks.java:75)
	at org.springframework.test.context.junit4.statements.RunAfterTestMethodCallbacks.evaluate(RunAfterTestMethodCallbacks.java:86)
	at org.springframework.test.context.junit4.statements.SpringRepeat.evaluate(SpringRepeat.java:84)
	at org.junit.runners.ParentRunner.runLeaf(ParentRunner.java:325)
	at org.springframework.test.context.junit4.SpringJUnit4ClassRunner.runChild(SpringJUnit4ClassRunner.java:251)
	at org.springframework.test.context.junit4.SpringJUnit4ClassRunner.runChild(SpringJUnit4ClassRunner.java:97)
	at org.junit.runners.ParentRunner$3.run(ParentRunner.java:290)
	at org.junit.runners.ParentRunner$1.schedule(ParentRunner.java:71)
	at org.junit.runners.ParentRunner.runChildren(ParentRunner.java:288)
	at org.junit.runners.ParentRunner.access$000(ParentRunner.java:58)
	at org.junit.runners.ParentRunner$2.evaluate(ParentRunner.java:268)
	at org.springframework.test.context.junit4.statements.RunBeforeTestClassCallbacks.evaluate(RunBeforeTestClassCallbacks.java:61)
	at org.springframework.test.context.junit4.statements.RunAfterTestClassCallbacks.evaluate(RunAfterTestClassCallbacks.java:70)
	at org.junit.runners.ParentRunner.run(ParentRunner.java:363)
	at org.springframework.test.context.junit4.SpringJUnit4ClassRunner.run(SpringJUnit4ClassRunner.java:190)
	at org.gradle.api.internal.tasks.testing.junit.JUnitTestClassExecutor.runTestClass(JUnitTestClassExecutor.java:106)
	at org.gradle.api.internal.tasks.testing.junit.JUnitTestClassExecutor.execute(JUnitTestClassExecutor.java:58)
	at org.gradle.api.internal.tasks.testing.junit.JUnitTestClassExecutor.execute(JUnitTestClassExecutor.java:38)
	at org.gradle.api.internal.tasks.testing.junit.AbstractJUnitTestClassProcessor.processTestClass(AbstractJUnitTestClassProcessor.java:66)
	at org.gradle.api.internal.tasks.testing.SuiteTestClassProcessor.processTestClass(SuiteTestClassProcessor.java:51)
	at sun.reflect.NativeMethodAccessorImpl.invoke0(Native Method)
	at sun.reflect.NativeMethodAccessorImpl.invoke(NativeMethodAccessorImpl.java:62)
	at sun.reflect.DelegatingMethodAccessorImpl.invoke(DelegatingMethodAccessorImpl.java:43)
	at java.lang.reflect.Method.invoke(Method.java:498)
	at org.gradle.internal.dispatch.ReflectionDispatch.dispatch(ReflectionDispatch.java:35)
	at org.gradle.internal.dispatch.ReflectionDispatch.dispatch(ReflectionDispatch.java:24)
	at org.gradle.internal.dispatch.ContextClassLoaderDispatch.dispatch(ContextClassLoaderDispatch.java:32)
	at org.gradle.internal.dispatch.ProxyDispatchAdapter$DispatchingInvocationHandler.invoke(ProxyDispatchAdapter.java:93)
	at com.sun.proxy.$Proxy2.processTestClass(Unknown Source)
	at org.gradle.api.internal.tasks.testing.worker.TestWorker.processTestClass(TestWorker.java:117)
	at sun.reflect.NativeMethodAccessorImpl.invoke0(Native Method)
	at sun.reflect.NativeMethodAccessorImpl.invoke(NativeMethodAccessorImpl.java:62)
	at sun.reflect.DelegatingMethodAccessorImpl.invoke(DelegatingMethodAccessorImpl.java:43)
	at java.lang.reflect.Method.invoke(Method.java:498)
	at org.gradle.internal.dispatch.ReflectionDispatch.dispatch(ReflectionDispatch.java:35)
	at org.gradle.internal.dispatch.ReflectionDispatch.dispatch(ReflectionDispatch.java:24)
	at org.gradle.internal.remote.internal.hub.MessageHubBackedObjectConnection$DispatchWrapper.dispatch(MessageHubBackedObjectConnection.java:155)
	at org.gradle.internal.remote.internal.hub.MessageHubBackedObjectConnection$DispatchWrapper.dispatch(MessageHubBackedObjectConnection.java:137)
	at org.gradle.internal.remote.internal.hub.MessageHub$Handler.run(MessageHub.java:404)
	at org.gradle.internal.concurrent.ExecutorPolicy$CatchAndRecordFailures.onExecute(ExecutorPolicy.java:63)
	at org.gradle.internal.concurrent.ManagedExecutorImpl$1.run(ManagedExecutorImpl.java:46)
	at java.util.concurrent.ThreadPoolExecutor.runWorker(ThreadPoolExecutor.java:1149)
	at java.util.concurrent.ThreadPoolExecutor$Worker.run(ThreadPoolExecutor.java:624)
	at org.gradle.internal.concurrent.ThreadFactoryImpl$ManagedThreadRunnable.run(ThreadFactoryImpl.java:55)
	at java.lang.Thread.run(Thread.java:750)
</failure>
  </testcase>
  <testcase name="UserRepository_기능테스트" classname="com.jojoldu.book.springboot.web.LoginControllerTest" time="0.027"/>
  <system-out><![CDATA[2022-10-09 11:00:40.225  INFO 16614 --- [    Test worker] .b.t.c.SpringBootTestContextBootstrapper : Neither @ContextConfiguration nor @ContextHierarchy found for test class [com.jojoldu.book.springboot.web.LoginControllerTest], using SpringBootContextLoader
2022-10-09 11:00:40.225  INFO 16614 --- [    Test worker] o.s.t.c.support.AbstractContextLoader    : Could not detect default resource locations for test class [com.jojoldu.book.springboot.web.LoginControllerTest]: no resource found for suffixes {-context.xml, Context.groovy}.
2022-10-09 11:00:40.226  INFO 16614 --- [    Test worker] t.c.s.AnnotationConfigContextLoaderUtils : Could not detect default configuration classes for test class [com.jojoldu.book.springboot.web.LoginControllerTest]: LoginControllerTest does not declare any static, non-private, non-final, nested classes annotated with @Configuration.
2022-10-09 11:00:40.227  INFO 16614 --- [    Test worker] .b.t.c.SpringBootTestContextBootstrapper : Found @SpringBootConfiguration com.jojoldu.book.springboot.Application for test class com.jojoldu.book.springboot.web.LoginControllerTest
2022-10-09 11:00:40.228  INFO 16614 --- [    Test worker] .b.t.c.SpringBootTestContextBootstrapper : Loaded default TestExecutionListener class names from location [META-INF/spring.factories]: [org.springframework.security.test.context.support.WithSecurityContextTestExecutionListener, org.springframework.security.test.context.support.ReactorContextTestExecutionListener, org.springframework.boot.test.autoconfigure.restdocs.RestDocsTestExecutionListener, org.springframework.boot.test.autoconfigure.web.client.MockRestServiceServerResetTestExecutionListener, org.springframework.boot.test.autoconfigure.web.servlet.MockMvcPrintOnlyOnFailureTestExecutionListener, org.springframework.boot.test.autoconfigure.web.servlet.WebDriverTestExecutionListener, org.springframework.boot.test.mock.mockito.MockitoTestExecutionListener, org.springframework.boot.test.mock.mockito.ResetMocksTestExecutionListener, org.springframework.test.context.web.ServletTestExecutionListener, org.springframework.test.context.support.DirtiesContextBeforeModesTestExecutionListener, org.springframework.test.context.support.DependencyInjectionTestExecutionListener, org.springframework.test.context.support.DirtiesContextTestExecutionListener, org.springframework.test.context.transaction.TransactionalTestExecutionListener, org.springframework.test.context.jdbc.SqlScriptsTestExecutionListener]
2022-10-09 11:00:40.228  INFO 16614 --- [    Test worker] .b.t.c.SpringBootTestContextBootstrapper : Using TestExecutionListeners: [org.springframework.test.context.web.ServletTestExecutionListener@32de45f9, org.springframework.test.context.support.DirtiesContextBeforeModesTestExecutionListener@48451e0e, org.springframework.boot.test.mock.mockito.MockitoTestExecutionListener@20a00f22, org.springframework.boot.test.autoconfigure.SpringBootDependencyInjectionTestExecutionListener@688ef073, org.springframework.test.context.support.DirtiesContextTestExecutionListener@28bf9116, org.springframework.test.context.transaction.TransactionalTestExecutionListener@486a4f61, org.springframework.test.context.jdbc.SqlScriptsTestExecutionListener@68138051, org.springframework.security.test.context.support.WithSecurityContextTestExecutionListener@7781f848, org.springframework.security.test.context.support.ReactorContextTestExecutionListener@2362e08f, org.springframework.boot.test.autoconfigure.restdocs.RestDocsTestExecutionListener@3969a2c5, org.springframework.boot.test.autoconfigure.web.client.MockRestServiceServerResetTestExecutionListener@4d0cacb1, org.springframework.boot.test.autoconfigure.web.servlet.MockMvcPrintOnlyOnFailureTestExecutionListener@35374ee0, org.springframework.boot.test.autoconfigure.web.servlet.WebDriverTestExecutionListener@1e5a651, org.springframework.boot.test.mock.mockito.ResetMocksTestExecutionListener@756e5322]
Hibernate: select posts0_.id as id1_0_, posts0_.created_date as created_2_0_, posts0_.modified_date as modified3_0_, posts0_.author as author4_0_, posts0_.content as content5_0_, posts0_.title as title6_0_ from posts posts0_
Hibernate: select posts0_.id as id1_0_, posts0_.created_date as created_2_0_, posts0_.modified_date as modified3_0_, posts0_.author as author4_0_, posts0_.content as content5_0_, posts0_.title as title6_0_ from posts posts0_ order by posts0_.id DESC
user is null
Hibernate: select user0_.id as id1_1_, user0_.created_date as created_2_1_, user0_.modified_date as modified3_1_, user0_.email as email4_1_, user0_.name as name5_1_, user0_.picture as picture6_1_, user0_.role as role7_1_ from user user0_
]]></system-out>
  <system-err><![CDATA[]]></system-err>
</testsuite>
